<?xml version="1.0" encoding="UTF-8"?>
<testsuite name="com.nortal.library.api.ApiIntegrationTest" tests="10" skipped="0" failures="0" errors="0" timestamp="2025-12-26T18:01:12.970Z" hostname="joel-hpcompaqelite8300sff" time="7.512">
  <properties/>
  <testcase name="borrowAndReturnHappyPath()" classname="com.nortal.library.api.ApiIntegrationTest" time="1.357"/>
  <testcase name="memberCrudRoundtrip()" classname="com.nortal.library.api.ApiIntegrationTest" time="0.103"/>
  <testcase name="listsSeedBooksAndMembers()" classname="com.nortal.library.api.ApiIntegrationTest" time="0.055"/>
  <testcase name="bookCrudRoundtrip()" classname="com.nortal.library.api.ApiIntegrationTest" time="0.089"/>
  <testcase name="extendLoanUpdatesDueDate()" classname="com.nortal.library.api.ApiIntegrationTest" time="0.106"/>
  <testcase name="reserveAndCancelReservation()" classname="com.nortal.library.api.ApiIntegrationTest" time="0.083"/>
  <testcase name="searchReturnsFilteredResults()" classname="com.nortal.library.api.ApiIntegrationTest" time="0.096"/>
  <testcase name="memberSummaryShowsLoansAndReservations()" classname="com.nortal.library.api.ApiIntegrationTest" time="0.097"/>
  <testcase name="overdueEndpointListsPastDue()" classname="com.nortal.library.api.ApiIntegrationTest" time="0.07"/>
  <testcase name="healthEndpointRespondsOk()" classname="com.nortal.library.api.ApiIntegrationTest" time="0.052"/>
  <system-out><![CDATA[20:01:07.635 [Test worker] INFO org.springframework.test.context.support.AnnotationConfigContextLoaderUtils -- Could not detect default configuration classes for test class [com.nortal.library.api.ApiIntegrationTest]: ApiIntegrationTest does not declare any static, non-private, non-final, nested classes annotated with @Configuration.
20:01:07.752 [Test worker] INFO org.springframework.boot.test.context.SpringBootTestContextBootstrapper -- Found @SpringBootConfiguration com.nortal.library.api.LibraryApplication for test class com.nortal.library.api.ApiIntegrationTest



888b    888                  888             888      888      8888888888        d8888 8888888b.        .d8888b.   .d8888b.   .d8888b.   .d8888b.   
8888b   888                  888             888      888      888              d88888 888   Y88b      d88P  Y88b d88P  Y88b d88P  Y88b d88P  Y88b  
88888b  888                  888             888      888      888             d88P888 888    888             888 888    888        888 888         
888Y88b 888  .d88b.  888d888 888888  8888b.  888      888      8888888        d88P 888 888   d88P           .d88P 888    888      .d88P 888d888b.   
888 Y88b888 d88""88b 888P"   888        "88b 888      888      888           d88P  888 8888888P"        .od888P"  888    888  .od888P"  888P "Y88b  
888  Y88888 888  888 888     888    .d888888 888      888      888          d88P   888 888             d88P"      888    888 d88P"      888    888  
888   Y8888 Y88..88P 888     Y88b.  888  888 888      888      888         d8888888888 888             888"       Y88b  d88P 888"       Y88b  d88P  
888    Y888  "Y88P"  888      "Y888 "Y888888 888      88888888 8888888888 d88P     888 888             888888888   "Y8888P"  888888888   "Y8888P"   
                                                                                                                                                    
                                                                                                                                                    
                                                                                                                                                    
 .d8888b.                888 d8b                               d8888                   d8b                                                   888    
d88P  Y88b               888 Y8P                              d88888                   Y8P                                                   888    
888    888               888                                 d88P888                                                                         888    
888         .d88b.   .d88888 888 88888b.   .d88b.           d88P 888 .d8888b  .d8888b  888  .d88b.  88888b.  88888b.d88b.   .d88b.  88888b.  888888 
888        d88""88b d88" 888 888 888 "88b d88P"88b         d88P  888 88K      88K      888 d88P"88b 888 "88b 888 "888 "88b d8P  Y8b 888 "88b 888    
888    888 888  888 888  888 888 888  888 888  888        d88P   888 "Y8888b. "Y8888b. 888 888  888 888  888 888  888  888 88888888 888  888 888    
Y88b  d88P Y88..88P Y88b 888 888 888  888 Y88b 888       d8888888888      X88      X88 888 Y88b 888 888  888 888  888  888 Y8b.     888  888 Y88b.  
 "Y8888P"   "Y88P"   "Y88888 888 888  888  "Y88888      d88P     888  88888P'  88888P' 888  "Y88888 888  888 888  888  888  "Y8888  888  888  "Y888 
                                               888                                              888                                                 
                                          Y8b d88P                                         Y8b d88P                                                 
                                           "Y88P"                                           "Y88P"                                                                                                 

H2 console: http://localhost:0/h2-console
API:        http://localhost:0/api

2025-12-26T20:01:08.465+02:00  INFO 57603 --- [library-api] [    Test worker] c.nortal.library.api.ApiIntegrationTest  : Starting ApiIntegrationTest using Java 21.0.8 with PID 57603 (started by joel in /home/joel/Documents/Nortal/LEAP 2026/nortal-leap-2026-test-assignment/backend/api)
2025-12-26T20:01:08.468+02:00 DEBUG 57603 --- [library-api] [    Test worker] c.nortal.library.api.ApiIntegrationTest  : Running with Spring Boot v3.3.4, Spring v6.1.13
2025-12-26T20:01:08.469+02:00  INFO 57603 --- [library-api] [    Test worker] c.nortal.library.api.ApiIntegrationTest  : No active profile set, falling back to 1 default profile: "default"
2025-12-26T20:01:08.963+02:00  INFO 57603 --- [library-api] [    Test worker] .s.d.r.c.RepositoryConfigurationDelegate : Bootstrapping Spring Data JPA repositories in DEFAULT mode.
2025-12-26T20:01:09.003+02:00  INFO 57603 --- [library-api] [    Test worker] .s.d.r.c.RepositoryConfigurationDelegate : Finished Spring Data repository scanning in 31 ms. Found 2 JPA repository interfaces.
2025-12-26T20:01:09.892+02:00  INFO 57603 --- [library-api] [    Test worker] o.s.b.w.embedded.tomcat.TomcatWebServer  : Tomcat initialized with port 0 (http)
2025-12-26T20:01:09.909+02:00  INFO 57603 --- [library-api] [    Test worker] o.apache.catalina.core.StandardService   : Starting service [Tomcat]
2025-12-26T20:01:09.910+02:00  INFO 57603 --- [library-api] [    Test worker] o.apache.catalina.core.StandardEngine    : Starting Servlet engine: [Apache Tomcat/10.1.30]
2025-12-26T20:01:09.970+02:00  INFO 57603 --- [library-api] [    Test worker] o.a.c.c.C.[Tomcat].[localhost].[/]       : Initializing Spring embedded WebApplicationContext
2025-12-26T20:01:09.972+02:00  INFO 57603 --- [library-api] [    Test worker] w.s.c.ServletWebServerApplicationContext : Root WebApplicationContext: initialization completed in 1469 ms
2025-12-26T20:01:10.160+02:00  INFO 57603 --- [library-api] [    Test worker] com.zaxxer.hikari.HikariDataSource       : HikariPool-1 - Starting...
2025-12-26T20:01:10.320+02:00  INFO 57603 --- [library-api] [    Test worker] com.zaxxer.hikari.pool.HikariPool        : HikariPool-1 - Added connection conn0: url=jdbc:h2:mem:library user=SA
2025-12-26T20:01:10.322+02:00  INFO 57603 --- [library-api] [    Test worker] com.zaxxer.hikari.HikariDataSource       : HikariPool-1 - Start completed.
2025-12-26T20:01:10.335+02:00  INFO 57603 --- [library-api] [    Test worker] o.s.b.a.h2.H2ConsoleAutoConfiguration    : H2 console available at '/h2-console'. Database available at 'jdbc:h2:mem:library'
2025-12-26T20:01:10.439+02:00  INFO 57603 --- [library-api] [    Test worker] p6spy                                    : #1766772070439 | took 6ms | statement | connection 1| url jdbc:h2:mem:library
CREATE TABLE IF NOT EXISTS members ( id VARCHAR(255) PRIMARY KEY, name VARCHAR(255) NOT NULL )
CREATE TABLE IF NOT EXISTS members ( id VARCHAR(255) PRIMARY KEY, name VARCHAR(255) NOT NULL );
2025-12-26T20:01:10.441+02:00  INFO 57603 --- [library-api] [    Test worker] p6spy                                    : #1766772070441 | took 1ms | statement | connection 1| url jdbc:h2:mem:library
CREATE TABLE IF NOT EXISTS books ( id VARCHAR(255) PRIMARY KEY, title VARCHAR(255) NOT NULL, loaned_to VARCHAR(255), due_date DATE )
CREATE TABLE IF NOT EXISTS books ( id VARCHAR(255) PRIMARY KEY, title VARCHAR(255) NOT NULL, loaned_to VARCHAR(255), due_date DATE );
2025-12-26T20:01:10.454+02:00  INFO 57603 --- [library-api] [    Test worker] p6spy                                    : #1766772070454 | took 12ms | statement | connection 1| url jdbc:h2:mem:library
CREATE TABLE IF NOT EXISTS book_reservations ( book_id VARCHAR(255) NOT NULL, position INTEGER NOT NULL, member_id VARCHAR(255), CONSTRAINT fk_book_reservation_book FOREIGN KEY (book_id) REFERENCES books (id) )
CREATE TABLE IF NOT EXISTS book_reservations ( book_id VARCHAR(255) NOT NULL, position INTEGER NOT NULL, member_id VARCHAR(255), CONSTRAINT fk_book_reservation_book FOREIGN KEY (book_id) REFERENCES books (id) );
2025-12-26T20:01:10.522+02:00  INFO 57603 --- [library-api] [    Test worker] o.hibernate.jpa.internal.util.LogHelper  : HHH000204: Processing PersistenceUnitInfo [name: default]
2025-12-26T20:01:10.567+02:00  INFO 57603 --- [library-api] [    Test worker] org.hibernate.Version                    : HHH000412: Hibernate ORM core version 6.5.3.Final
2025-12-26T20:01:10.597+02:00  INFO 57603 --- [library-api] [    Test worker] o.h.c.internal.RegionFactoryInitiator    : HHH000026: Second-level cache disabled
2025-12-26T20:01:10.849+02:00  INFO 57603 --- [library-api] [    Test worker] o.s.o.j.p.SpringPersistenceUnitInfo      : No LoadTimeWeaver setup: ignoring JPA class transformer
2025-12-26T20:01:11.690+02:00  INFO 57603 --- [library-api] [    Test worker] o.h.e.t.j.p.i.JtaPlatformInitiator       : HHH000489: No JTA platform available (set 'hibernate.transaction.jta.platform' to enable JTA platform integration)
2025-12-26T20:01:11.720+02:00  INFO 57603 --- [library-api] [    Test worker] p6spy                                    : #1766772071720 | took 5ms | statement | connection 3| url jdbc:h2:mem:library
select * from INFORMATION_SCHEMA.SEQUENCES
select * from INFORMATION_SCHEMA.SEQUENCES;
2025-12-26T20:01:11.736+02:00  INFO 57603 --- [library-api] [    Test worker] p6spy                                    : #1766772071736 | took 0ms | statement | connection 3| url jdbc:h2:mem:library
select * from "LIBRARY"."PUBLIC"."BOOKS" where 1=0
select * from "LIBRARY"."PUBLIC"."BOOKS" where 1=0;
2025-12-26T20:01:11.738+02:00  INFO 57603 --- [library-api] [    Test worker] j.LocalContainerEntityManagerFactoryBean : Initialized JPA EntityManagerFactory for persistence unit 'default'
2025-12-26T20:01:12.797+02:00  INFO 57603 --- [library-api] [    Test worker] o.s.b.w.embedded.tomcat.TomcatWebServer  : Tomcat started on port 34299 (http) with context path '/'
2025-12-26T20:01:12.808+02:00  INFO 57603 --- [library-api] [    Test worker] c.nortal.library.api.ApiIntegrationTest  : Started ApiIntegrationTest in 4.667 seconds (process running for 6.023)
2025-12-26T20:01:12.873+02:00  INFO 57603 --- [library-api] [    Test worker] p6spy                                    : #1766772072873 | took 0ms | statement | connection 4| url jdbc:h2:mem:library
select m1_0.id,m1_0.name from members m1_0 where m1_0.id=?
select m1_0.id,m1_0.name from members m1_0 where m1_0.id='m1';
2025-12-26T20:01:12.904+02:00  INFO 57603 --- [library-api] [    Test worker] p6spy                                    : #1766772072904 | took 1ms | statement | connection 4| url jdbc:h2:mem:library
insert into members (name,id) values (?,?)
insert into members (name,id) values ('Kertu','m1');
2025-12-26T20:01:12.907+02:00  INFO 57603 --- [library-api] [    Test worker] p6spy                                    : #1766772072907 | took 0ms | commit | connection 4| url jdbc:h2:mem:library

;
2025-12-26T20:01:12.910+02:00  INFO 57603 --- [library-api] [    Test worker] p6spy                                    : #1766772072910 | took 0ms | statement | connection 5| url jdbc:h2:mem:library
select m1_0.id,m1_0.name from members m1_0 where m1_0.id=?
select m1_0.id,m1_0.name from members m1_0 where m1_0.id='m2';
2025-12-26T20:01:12.912+02:00  INFO 57603 --- [library-api] [    Test worker] p6spy                                    : #1766772072912 | took 0ms | statement | connection 5| url jdbc:h2:mem:library
insert into members (name,id) values (?,?)
insert into members (name,id) values ('Rasmus','m2');
2025-12-26T20:01:12.912+02:00  INFO 57603 --- [library-api] [    Test worker] p6spy                                    : #1766772072912 | took 0ms | commit | connection 5| url jdbc:h2:mem:library

;
2025-12-26T20:01:12.914+02:00  INFO 57603 --- [library-api] [    Test worker] p6spy                                    : #1766772072914 | took 0ms | statement | connection 6| url jdbc:h2:mem:library
select m1_0.id,m1_0.name from members m1_0 where m1_0.id=?
select m1_0.id,m1_0.name from members m1_0 where m1_0.id='m3';
2025-12-26T20:01:12.916+02:00  INFO 57603 --- [library-api] [    Test worker] p6spy                                    : #1766772072916 | took 0ms | statement | connection 6| url jdbc:h2:mem:library
insert into members (name,id) values (?,?)
insert into members (name,id) values ('Liis','m3');
2025-12-26T20:01:12.917+02:00  INFO 57603 --- [library-api] [    Test worker] p6spy                                    : #1766772072917 | took 0ms | commit | connection 6| url jdbc:h2:mem:library

;
2025-12-26T20:01:12.918+02:00  INFO 57603 --- [library-api] [    Test worker] p6spy                                    : #1766772072918 | took 0ms | statement | connection 7| url jdbc:h2:mem:library
select m1_0.id,m1_0.name from members m1_0 where m1_0.id=?
select m1_0.id,m1_0.name from members m1_0 where m1_0.id='m4';
2025-12-26T20:01:12.920+02:00  INFO 57603 --- [library-api] [    Test worker] p6spy                                    : #1766772072920 | took 0ms | statement | connection 7| url jdbc:h2:mem:library
insert into members (name,id) values (?,?)
insert into members (name,id) values ('Markus','m4');
2025-12-26T20:01:12.920+02:00  INFO 57603 --- [library-api] [    Test worker] p6spy                                    : #1766772072920 | took 0ms | commit | connection 7| url jdbc:h2:mem:library

;
2025-12-26T20:01:12.925+02:00  INFO 57603 --- [library-api] [    Test worker] p6spy                                    : #1766772072925 | took 0ms | statement | connection 8| url jdbc:h2:mem:library
select b1_0.id,b1_0.due_date,b1_0.loaned_to,b1_0.title from books b1_0 where b1_0.id=?
select b1_0.id,b1_0.due_date,b1_0.loaned_to,b1_0.title from books b1_0 where b1_0.id='b1';
2025-12-26T20:01:12.934+02:00  INFO 57603 --- [library-api] [    Test worker] p6spy                                    : #1766772072933 | took 0ms | statement | connection 8| url jdbc:h2:mem:library
insert into books (due_date,loaned_to,title,id) values (?,?,?,?)
insert into books (due_date,loaned_to,title,id) values (NULL,NULL,'Clean Code','b1');
2025-12-26T20:01:12.939+02:00  INFO 57603 --- [library-api] [    Test worker] p6spy                                    : #1766772072939 | took 0ms | commit | connection 8| url jdbc:h2:mem:library

;
2025-12-26T20:01:12.942+02:00  INFO 57603 --- [library-api] [    Test worker] p6spy                                    : #1766772072941 | took 0ms | statement | connection 9| url jdbc:h2:mem:library
select b1_0.id,b1_0.due_date,b1_0.loaned_to,b1_0.title from books b1_0 where b1_0.id=?
select b1_0.id,b1_0.due_date,b1_0.loaned_to,b1_0.title from books b1_0 where b1_0.id='b2';
2025-12-26T20:01:12.943+02:00  INFO 57603 --- [library-api] [    Test worker] p6spy                                    : #1766772072943 | took 0ms | statement | connection 9| url jdbc:h2:mem:library
insert into books (due_date,loaned_to,title,id) values (?,?,?,?)
insert into books (due_date,loaned_to,title,id) values (NULL,NULL,'Domain-Driven Design','b2');
2025-12-26T20:01:12.944+02:00  INFO 57603 --- [library-api] [    Test worker] p6spy                                    : #1766772072944 | took 0ms | commit | connection 9| url jdbc:h2:mem:library

;
2025-12-26T20:01:12.946+02:00  INFO 57603 --- [library-api] [    Test worker] p6spy                                    : #1766772072946 | took 0ms | statement | connection 10| url jdbc:h2:mem:library
select b1_0.id,b1_0.due_date,b1_0.loaned_to,b1_0.title from books b1_0 where b1_0.id=?
select b1_0.id,b1_0.due_date,b1_0.loaned_to,b1_0.title from books b1_0 where b1_0.id='b3';
2025-12-26T20:01:12.948+02:00  INFO 57603 --- [library-api] [    Test worker] p6spy                                    : #1766772072948 | took 0ms | statement | connection 10| url jdbc:h2:mem:library
insert into books (due_date,loaned_to,title,id) values (?,?,?,?)
insert into books (due_date,loaned_to,title,id) values (NULL,NULL,'Refactoring','b3');
2025-12-26T20:01:12.949+02:00  INFO 57603 --- [library-api] [    Test worker] p6spy                                    : #1766772072949 | took 0ms | commit | connection 10| url jdbc:h2:mem:library

;
2025-12-26T20:01:12.951+02:00  INFO 57603 --- [library-api] [    Test worker] p6spy                                    : #1766772072951 | took 0ms | statement | connection 11| url jdbc:h2:mem:library
select b1_0.id,b1_0.due_date,b1_0.loaned_to,b1_0.title from books b1_0 where b1_0.id=?
select b1_0.id,b1_0.due_date,b1_0.loaned_to,b1_0.title from books b1_0 where b1_0.id='b4';
2025-12-26T20:01:12.954+02:00  INFO 57603 --- [library-api] [    Test worker] p6spy                                    : #1766772072953 | took 0ms | statement | connection 11| url jdbc:h2:mem:library
insert into books (due_date,loaned_to,title,id) values (?,?,?,?)
insert into books (due_date,loaned_to,title,id) values (NULL,NULL,'Effective Java','b4');
2025-12-26T20:01:12.954+02:00  INFO 57603 --- [library-api] [    Test worker] p6spy                                    : #1766772072954 | took 0ms | commit | connection 11| url jdbc:h2:mem:library

;
2025-12-26T20:01:12.956+02:00  INFO 57603 --- [library-api] [    Test worker] p6spy                                    : #1766772072956 | took 0ms | statement | connection 12| url jdbc:h2:mem:library
select b1_0.id,b1_0.due_date,b1_0.loaned_to,b1_0.title from books b1_0 where b1_0.id=?
select b1_0.id,b1_0.due_date,b1_0.loaned_to,b1_0.title from books b1_0 where b1_0.id='b5';
2025-12-26T20:01:12.958+02:00  INFO 57603 --- [library-api] [    Test worker] p6spy                                    : #1766772072958 | took 0ms | statement | connection 12| url jdbc:h2:mem:library
insert into books (due_date,loaned_to,title,id) values (?,?,?,?)
insert into books (due_date,loaned_to,title,id) values (NULL,NULL,'Design Patterns','b5');
2025-12-26T20:01:12.959+02:00  INFO 57603 --- [library-api] [    Test worker] p6spy                                    : #1766772072959 | took 0ms | commit | connection 12| url jdbc:h2:mem:library

;
2025-12-26T20:01:12.961+02:00  INFO 57603 --- [library-api] [    Test worker] p6spy                                    : #1766772072961 | took 0ms | statement | connection 13| url jdbc:h2:mem:library
select b1_0.id,b1_0.due_date,b1_0.loaned_to,b1_0.title from books b1_0 where b1_0.id=?
select b1_0.id,b1_0.due_date,b1_0.loaned_to,b1_0.title from books b1_0 where b1_0.id='b6';
2025-12-26T20:01:12.963+02:00  INFO 57603 --- [library-api] [    Test worker] p6spy                                    : #1766772072963 | took 0ms | statement | connection 13| url jdbc:h2:mem:library
insert into books (due_date,loaned_to,title,id) values (?,?,?,?)
insert into books (due_date,loaned_to,title,id) values (NULL,NULL,'The Pragmatic Programmer','b6');
2025-12-26T20:01:12.964+02:00  INFO 57603 --- [library-api] [    Test worker] p6spy                                    : #1766772072964 | took 0ms | commit | connection 13| url jdbc:h2:mem:library

;
2025-12-26T20:01:13.660+02:00  INFO 57603 --- [library-api] [o-auto-1-exec-1] o.a.c.c.C.[Tomcat].[localhost].[/]       : Initializing Spring DispatcherServlet 'dispatcherServlet'
2025-12-26T20:01:13.660+02:00  INFO 57603 --- [library-api] [o-auto-1-exec-1] o.s.web.servlet.DispatcherServlet        : Initializing Servlet 'dispatcherServlet'
2025-12-26T20:01:13.662+02:00  INFO 57603 --- [library-api] [o-auto-1-exec-1] o.s.web.servlet.DispatcherServlet        : Completed initialization in 2 ms
2025-12-26T20:01:13.761+02:00  INFO 57603 --- [library-api] [o-auto-1-exec-1] p6spy                                    : #1766772073761 | took 0ms | statement | connection 14| url jdbc:h2:mem:library
select b1_0.id,b1_0.due_date,b1_0.loaned_to,b1_0.title from books b1_0 where b1_0.id=?
select b1_0.id,b1_0.due_date,b1_0.loaned_to,b1_0.title from books b1_0 where b1_0.id='b1';
2025-12-26T20:01:13.768+02:00  INFO 57603 --- [library-api] [o-auto-1-exec-1] p6spy                                    : #1766772073768 | took 0ms | commit | connection 14| url jdbc:h2:mem:library

;
2025-12-26T20:01:14.105+02:00  INFO 57603 --- [library-api] [o-auto-1-exec-1] p6spy                                    : #1766772074105 | took 2ms | statement | connection 14| url jdbc:h2:mem:library
select count(*) from members m1_0 where m1_0.id=?
select count(*) from members m1_0 where m1_0.id='m1';
2025-12-26T20:01:14.108+02:00  INFO 57603 --- [library-api] [o-auto-1-exec-1] p6spy                                    : #1766772074108 | took 0ms | commit | connection 14| url jdbc:h2:mem:library

;
2025-12-26T20:01:14.111+02:00  INFO 57603 --- [library-api] [o-auto-1-exec-1] p6spy                                    : #1766772074111 | took 0ms | statement | connection 14| url jdbc:h2:mem:library
select count(*) from members m1_0 where m1_0.id=?
select count(*) from members m1_0 where m1_0.id='m1';
2025-12-26T20:01:14.112+02:00  INFO 57603 --- [library-api] [o-auto-1-exec-1] p6spy                                    : #1766772074112 | took 0ms | commit | connection 14| url jdbc:h2:mem:library

;
2025-12-26T20:01:14.124+02:00  INFO 57603 --- [library-api] [o-auto-1-exec-1] p6spy                                    : #1766772074124 | took 0ms | statement | connection 14| url jdbc:h2:mem:library
select b1_0.id,b1_0.due_date,b1_0.loaned_to,b1_0.title from books b1_0
select b1_0.id,b1_0.due_date,b1_0.loaned_to,b1_0.title from books b1_0;
2025-12-26T20:01:14.127+02:00  INFO 57603 --- [library-api] [o-auto-1-exec-1] p6spy                                    : #1766772074127 | took 0ms | commit | connection 14| url jdbc:h2:mem:library

;
2025-12-26T20:01:14.140+02:00  INFO 57603 --- [library-api] [o-auto-1-exec-1] p6spy                                    : #1766772074140 | took 0ms | statement | connection 14| url jdbc:h2:mem:library
update books set due_date=?,loaned_to=?,title=? where id=?
update books set due_date='2026-01-09T00:00:00.000+0200',loaned_to='m1',title='Clean Code' where id='b1';
2025-12-26T20:01:14.143+02:00  INFO 57603 --- [library-api] [o-auto-1-exec-1] p6spy                                    : #1766772074143 | took 0ms | commit | connection 14| url jdbc:h2:mem:library

;
2025-12-26T20:01:14.245+02:00  INFO 57603 --- [library-api] [o-auto-1-exec-2] p6spy                                    : #1766772074245 | took 0ms | statement | connection 15| url jdbc:h2:mem:library
select b1_0.id,b1_0.due_date,b1_0.loaned_to,b1_0.title from books b1_0 where b1_0.id=?
select b1_0.id,b1_0.due_date,b1_0.loaned_to,b1_0.title from books b1_0 where b1_0.id='b1';
2025-12-26T20:01:14.246+02:00  INFO 57603 --- [library-api] [o-auto-1-exec-2] p6spy                                    : #1766772074246 | took 0ms | commit | connection 15| url jdbc:h2:mem:library

;
2025-12-26T20:01:14.250+02:00  INFO 57603 --- [library-api] [o-auto-1-exec-2] p6spy                                    : #1766772074250 | took 0ms | statement | connection 15| url jdbc:h2:mem:library
select rq1_0.book_id,rq1_0.position,rq1_0.member_id from book_reservations rq1_0 where rq1_0.book_id=?
select rq1_0.book_id,rq1_0.position,rq1_0.member_id from book_reservations rq1_0 where rq1_0.book_id='b1';
2025-12-26T20:01:14.253+02:00  INFO 57603 --- [library-api] [o-auto-1-exec-2] p6spy                                    : #1766772074253 | took 0ms | statement | connection 15| url jdbc:h2:mem:library
update books set due_date=?,loaned_to=?,title=? where id=?
update books set due_date=NULL,loaned_to=NULL,title='Clean Code' where id='b1';
2025-12-26T20:01:14.254+02:00  INFO 57603 --- [library-api] [o-auto-1-exec-2] p6spy                                    : #1766772074254 | took 0ms | commit | connection 15| url jdbc:h2:mem:library

;
2025-12-26T20:01:14.271+02:00  INFO 57603 --- [library-api] [o-auto-1-exec-3] p6spy                                    : #1766772074271 | took 0ms | statement | connection 16| url jdbc:h2:mem:library
select b1_0.id,b1_0.due_date,b1_0.loaned_to,b1_0.title from books b1_0
select b1_0.id,b1_0.due_date,b1_0.loaned_to,b1_0.title from books b1_0;
2025-12-26T20:01:14.272+02:00  INFO 57603 --- [library-api] [o-auto-1-exec-3] p6spy                                    : #1766772074272 | took 0ms | commit | connection 16| url jdbc:h2:mem:library

;
2025-12-26T20:01:14.285+02:00  INFO 57603 --- [library-api] [o-auto-1-exec-3] p6spy                                    : #1766772074285 | took 0ms | statement | connection 16| url jdbc:h2:mem:library
select rq1_0.book_id,rq1_0.position,rq1_0.member_id from book_reservations rq1_0 where rq1_0.book_id=?
select rq1_0.book_id,rq1_0.position,rq1_0.member_id from book_reservations rq1_0 where rq1_0.book_id='b1';
2025-12-26T20:01:14.286+02:00  INFO 57603 --- [library-api] [o-auto-1-exec-3] p6spy                                    : #1766772074286 | took 0ms | statement | connection 16| url jdbc:h2:mem:library
select rq1_0.book_id,rq1_0.position,rq1_0.member_id from book_reservations rq1_0 where rq1_0.book_id=?
select rq1_0.book_id,rq1_0.position,rq1_0.member_id from book_reservations rq1_0 where rq1_0.book_id='b2';
2025-12-26T20:01:14.286+02:00  INFO 57603 --- [library-api] [o-auto-1-exec-3] p6spy                                    : #1766772074286 | took 0ms | statement | connection 16| url jdbc:h2:mem:library
select rq1_0.book_id,rq1_0.position,rq1_0.member_id from book_reservations rq1_0 where rq1_0.book_id=?
select rq1_0.book_id,rq1_0.position,rq1_0.member_id from book_reservations rq1_0 where rq1_0.book_id='b3';
2025-12-26T20:01:14.287+02:00  INFO 57603 --- [library-api] [o-auto-1-exec-3] p6spy                                    : #1766772074287 | took 0ms | statement | connection 16| url jdbc:h2:mem:library
select rq1_0.book_id,rq1_0.position,rq1_0.member_id from book_reservations rq1_0 where rq1_0.book_id=?
select rq1_0.book_id,rq1_0.position,rq1_0.member_id from book_reservations rq1_0 where rq1_0.book_id='b4';
2025-12-26T20:01:14.287+02:00  INFO 57603 --- [library-api] [o-auto-1-exec-3] p6spy                                    : #1766772074287 | took 0ms | statement | connection 16| url jdbc:h2:mem:library
select rq1_0.book_id,rq1_0.position,rq1_0.member_id from book_reservations rq1_0 where rq1_0.book_id=?
select rq1_0.book_id,rq1_0.position,rq1_0.member_id from book_reservations rq1_0 where rq1_0.book_id='b5';
2025-12-26T20:01:14.288+02:00  INFO 57603 --- [library-api] [o-auto-1-exec-3] p6spy                                    : #1766772074288 | took 0ms | statement | connection 16| url jdbc:h2:mem:library
select rq1_0.book_id,rq1_0.position,rq1_0.member_id from book_reservations rq1_0 where rq1_0.book_id=?
select rq1_0.book_id,rq1_0.position,rq1_0.member_id from book_reservations rq1_0 where rq1_0.book_id='b6';
2025-12-26T20:01:14.312+02:00  INFO 57603 --- [library-api] [    Test worker] j.LocalContainerEntityManagerFactoryBean : Closing JPA EntityManagerFactory for persistence unit 'default'
2025-12-26T20:01:14.314+02:00  INFO 57603 --- [library-api] [    Test worker] com.zaxxer.hikari.HikariDataSource       : HikariPool-1 - Shutdown initiated...
2025-12-26T20:01:14.316+02:00  INFO 57603 --- [library-api] [    Test worker] com.zaxxer.hikari.HikariDataSource       : HikariPool-1 - Shutdown completed.



888b    888                  888             888      888      8888888888        d8888 8888888b.        .d8888b.   .d8888b.   .d8888b.   .d8888b.   
8888b   888                  888             888      888      888              d88888 888   Y88b      d88P  Y88b d88P  Y88b d88P  Y88b d88P  Y88b  
88888b  888                  888             888      888      888             d88P888 888    888             888 888    888        888 888         
888Y88b 888  .d88b.  888d888 888888  8888b.  888      888      8888888        d88P 888 888   d88P           .d88P 888    888      .d88P 888d888b.   
888 Y88b888 d88""88b 888P"   888        "88b 888      888      888           d88P  888 8888888P"        .od888P"  888    888  .od888P"  888P "Y88b  
888  Y88888 888  888 888     888    .d888888 888      888      888          d88P   888 888             d88P"      888    888 d88P"      888    888  
888   Y8888 Y88..88P 888     Y88b.  888  888 888      888      888         d8888888888 888             888"       Y88b  d88P 888"       Y88b  d88P  
888    Y888  "Y88P"  888      "Y888 "Y888888 888      88888888 8888888888 d88P     888 888             888888888   "Y8888P"  888888888   "Y8888P"   
                                                                                                                                                    
                                                                                                                                                    
                                                                                                                                                    
 .d8888b.                888 d8b                               d8888                   d8b                                                   888    
d88P  Y88b               888 Y8P                              d88888                   Y8P                                                   888    
888    888               888                                 d88P888                                                                         888    
888         .d88b.   .d88888 888 88888b.   .d88b.           d88P 888 .d8888b  .d8888b  888  .d88b.  88888b.  88888b.d88b.   .d88b.  88888b.  888888 
888        d88""88b d88" 888 888 888 "88b d88P"88b         d88P  888 88K      88K      888 d88P"88b 888 "88b 888 "888 "88b d8P  Y8b 888 "88b 888    
888    888 888  888 888  888 888 888  888 888  888        d88P   888 "Y8888b. "Y8888b. 888 888  888 888  888 888  888  888 88888888 888  888 888    
Y88b  d88P Y88..88P Y88b 888 888 888  888 Y88b 888       d8888888888      X88      X88 888 Y88b 888 888  888 888  888  888 Y8b.     888  888 Y88b.  
 "Y8888P"   "Y88P"   "Y88888 888 888  888  "Y88888      d88P     888  88888P'  88888P' 888  "Y88888 888  888 888  888  888  "Y8888  888  888  "Y888 
                                               888                                              888                                                 
                                          Y8b d88P                                         Y8b d88P                                                 
                                           "Y88P"                                           "Y88P"                                                                                                 

H2 console: http://localhost:0/h2-console
API:        http://localhost:0/api

2025-12-26T20:01:14.364+02:00  INFO 57603 --- [library-api] [    Test worker] c.nortal.library.api.ApiIntegrationTest  : Starting ApiIntegrationTest using Java 21.0.8 with PID 57603 (started by joel in /home/joel/Documents/Nortal/LEAP 2026/nortal-leap-2026-test-assignment/backend/api)
2025-12-26T20:01:14.364+02:00 DEBUG 57603 --- [library-api] [    Test worker] c.nortal.library.api.ApiIntegrationTest  : Running with Spring Boot v3.3.4, Spring v6.1.13
2025-12-26T20:01:14.364+02:00  INFO 57603 --- [library-api] [    Test worker] c.nortal.library.api.ApiIntegrationTest  : No active profile set, falling back to 1 default profile: "default"
2025-12-26T20:01:14.511+02:00  INFO 57603 --- [library-api] [    Test worker] .s.d.r.c.RepositoryConfigurationDelegate : Bootstrapping Spring Data JPA repositories in DEFAULT mode.
2025-12-26T20:01:14.516+02:00  INFO 57603 --- [library-api] [    Test worker] .s.d.r.c.RepositoryConfigurationDelegate : Finished Spring Data repository scanning in 4 ms. Found 2 JPA repository interfaces.
2025-12-26T20:01:14.699+02:00  INFO 57603 --- [library-api] [    Test worker] o.s.b.w.embedded.tomcat.TomcatWebServer  : Tomcat initialized with port 0 (http)
2025-12-26T20:01:14.700+02:00  INFO 57603 --- [library-api] [    Test worker] o.apache.catalina.core.StandardService   : Starting service [Tomcat]
2025-12-26T20:01:14.701+02:00  INFO 57603 --- [library-api] [    Test worker] o.apache.catalina.core.StandardEngine    : Starting Servlet engine: [Apache Tomcat/10.1.30]
2025-12-26T20:01:14.721+02:00  INFO 57603 --- [library-api] [    Test worker] o.a.c.c.C.[Tomcat].[localhost].[/]       : Initializing Spring embedded WebApplicationContext
2025-12-26T20:01:14.721+02:00  INFO 57603 --- [library-api] [    Test worker] w.s.c.ServletWebServerApplicationContext : Root WebApplicationContext: initialization completed in 354 ms
2025-12-26T20:01:14.760+02:00  INFO 57603 --- [library-api] [    Test worker] com.zaxxer.hikari.HikariDataSource       : HikariPool-2 - Starting...
2025-12-26T20:01:14.762+02:00  INFO 57603 --- [library-api] [    Test worker] com.zaxxer.hikari.pool.HikariPool        : HikariPool-2 - Added connection conn10: url=jdbc:h2:mem:library user=SA
2025-12-26T20:01:14.763+02:00  INFO 57603 --- [library-api] [    Test worker] com.zaxxer.hikari.HikariDataSource       : HikariPool-2 - Start completed.
2025-12-26T20:01:14.763+02:00  INFO 57603 --- [library-api] [    Test worker] o.s.b.a.h2.H2ConsoleAutoConfiguration    : H2 console available at '/h2-console'. Database available at 'jdbc:h2:mem:library'
2025-12-26T20:01:14.792+02:00  INFO 57603 --- [library-api] [    Test worker] p6spy                                    : #1766772074792 | took 0ms | statement | connection 18| url jdbc:h2:mem:library
CREATE TABLE IF NOT EXISTS members ( id VARCHAR(255) PRIMARY KEY, name VARCHAR(255) NOT NULL )
CREATE TABLE IF NOT EXISTS members ( id VARCHAR(255) PRIMARY KEY, name VARCHAR(255) NOT NULL );
2025-12-26T20:01:14.793+02:00  INFO 57603 --- [library-api] [    Test worker] p6spy                                    : #1766772074792 | took 0ms | statement | connection 18| url jdbc:h2:mem:library
CREATE TABLE IF NOT EXISTS books ( id VARCHAR(255) PRIMARY KEY, title VARCHAR(255) NOT NULL, loaned_to VARCHAR(255), due_date DATE )
CREATE TABLE IF NOT EXISTS books ( id VARCHAR(255) PRIMARY KEY, title VARCHAR(255) NOT NULL, loaned_to VARCHAR(255), due_date DATE );
2025-12-26T20:01:14.793+02:00  INFO 57603 --- [library-api] [    Test worker] p6spy                                    : #1766772074793 | took 0ms | statement | connection 18| url jdbc:h2:mem:library
CREATE TABLE IF NOT EXISTS book_reservations ( book_id VARCHAR(255) NOT NULL, position INTEGER NOT NULL, member_id VARCHAR(255), CONSTRAINT fk_book_reservation_book FOREIGN KEY (book_id) REFERENCES books (id) )
CREATE TABLE IF NOT EXISTS book_reservations ( book_id VARCHAR(255) NOT NULL, position INTEGER NOT NULL, member_id VARCHAR(255), CONSTRAINT fk_book_reservation_book FOREIGN KEY (book_id) REFERENCES books (id) );
2025-12-26T20:01:14.811+02:00  INFO 57603 --- [library-api] [    Test worker] o.hibernate.jpa.internal.util.LogHelper  : HHH000204: Processing PersistenceUnitInfo [name: default]
2025-12-26T20:01:14.814+02:00  INFO 57603 --- [library-api] [    Test worker] o.h.c.internal.RegionFactoryInitiator    : HHH000026: Second-level cache disabled
2025-12-26T20:01:14.826+02:00  INFO 57603 --- [library-api] [    Test worker] o.s.o.j.p.SpringPersistenceUnitInfo      : No LoadTimeWeaver setup: ignoring JPA class transformer
2025-12-26T20:01:14.905+02:00  INFO 57603 --- [library-api] [    Test worker] o.h.e.t.j.p.i.JtaPlatformInitiator       : HHH000489: No JTA platform available (set 'hibernate.transaction.jta.platform' to enable JTA platform integration)
2025-12-26T20:01:14.906+02:00  INFO 57603 --- [library-api] [    Test worker] p6spy                                    : #1766772074906 | took 0ms | statement | connection 20| url jdbc:h2:mem:library
select * from INFORMATION_SCHEMA.SEQUENCES
select * from INFORMATION_SCHEMA.SEQUENCES;
2025-12-26T20:01:14.908+02:00  INFO 57603 --- [library-api] [    Test worker] p6spy                                    : #1766772074908 | took 0ms | statement | connection 20| url jdbc:h2:mem:library
select * from "LIBRARY"."PUBLIC"."BOOKS" where 1=0
select * from "LIBRARY"."PUBLIC"."BOOKS" where 1=0;
2025-12-26T20:01:14.909+02:00  INFO 57603 --- [library-api] [    Test worker] j.LocalContainerEntityManagerFactoryBean : Initialized JPA EntityManagerFactory for persistence unit 'default'
2025-12-26T20:01:15.181+02:00  INFO 57603 --- [library-api] [    Test worker] o.s.b.w.embedded.tomcat.TomcatWebServer  : Tomcat started on port 45971 (http) with context path '/'
2025-12-26T20:01:15.185+02:00  INFO 57603 --- [library-api] [    Test worker] c.nortal.library.api.ApiIntegrationTest  : Started ApiIntegrationTest in 0.853 seconds (process running for 8.399)
2025-12-26T20:01:15.188+02:00  INFO 57603 --- [library-api] [    Test worker] p6spy                                    : #1766772075188 | took 0ms | statement | connection 21| url jdbc:h2:mem:library
select m1_0.id,m1_0.name from members m1_0 where m1_0.id=?
select m1_0.id,m1_0.name from members m1_0 where m1_0.id='m1';
2025-12-26T20:01:15.191+02:00  INFO 57603 --- [library-api] [    Test worker] p6spy                                    : #1766772075191 | took 0ms | commit | connection 21| url jdbc:h2:mem:library

;
2025-12-26T20:01:15.193+02:00  INFO 57603 --- [library-api] [    Test worker] p6spy                                    : #1766772075193 | took 0ms | statement | connection 22| url jdbc:h2:mem:library
select m1_0.id,m1_0.name from members m1_0 where m1_0.id=?
select m1_0.id,m1_0.name from members m1_0 where m1_0.id='m2';
2025-12-26T20:01:15.194+02:00  INFO 57603 --- [library-api] [    Test worker] p6spy                                    : #1766772075194 | took 0ms | commit | connection 22| url jdbc:h2:mem:library

;
2025-12-26T20:01:15.196+02:00  INFO 57603 --- [library-api] [    Test worker] p6spy                                    : #1766772075195 | took 0ms | statement | connection 23| url jdbc:h2:mem:library
select m1_0.id,m1_0.name from members m1_0 where m1_0.id=?
select m1_0.id,m1_0.name from members m1_0 where m1_0.id='m3';
2025-12-26T20:01:15.196+02:00  INFO 57603 --- [library-api] [    Test worker] p6spy                                    : #1766772075196 | took 0ms | commit | connection 23| url jdbc:h2:mem:library

;
2025-12-26T20:01:15.198+02:00  INFO 57603 --- [library-api] [    Test worker] p6spy                                    : #1766772075198 | took 0ms | statement | connection 24| url jdbc:h2:mem:library
select m1_0.id,m1_0.name from members m1_0 where m1_0.id=?
select m1_0.id,m1_0.name from members m1_0 where m1_0.id='m4';
2025-12-26T20:01:15.199+02:00  INFO 57603 --- [library-api] [    Test worker] p6spy                                    : #1766772075199 | took 0ms | commit | connection 24| url jdbc:h2:mem:library

;
2025-12-26T20:01:15.202+02:00  INFO 57603 --- [library-api] [    Test worker] p6spy                                    : #1766772075202 | took 0ms | statement | connection 25| url jdbc:h2:mem:library
select b1_0.id,b1_0.due_date,b1_0.loaned_to,b1_0.title from books b1_0 where b1_0.id=?
select b1_0.id,b1_0.due_date,b1_0.loaned_to,b1_0.title from books b1_0 where b1_0.id='b1';
2025-12-26T20:01:15.203+02:00  INFO 57603 --- [library-api] [    Test worker] p6spy                                    : #1766772075203 | took 0ms | statement | connection 25| url jdbc:h2:mem:library
select rq1_0.book_id,rq1_0.position,rq1_0.member_id from book_reservations rq1_0 where rq1_0.book_id=?
select rq1_0.book_id,rq1_0.position,rq1_0.member_id from book_reservations rq1_0 where rq1_0.book_id='b1';
2025-12-26T20:01:15.204+02:00  INFO 57603 --- [library-api] [    Test worker] p6spy                                    : #1766772075204 | took 0ms | commit | connection 25| url jdbc:h2:mem:library

;
2025-12-26T20:01:15.205+02:00  INFO 57603 --- [library-api] [    Test worker] p6spy                                    : #1766772075205 | took 0ms | statement | connection 26| url jdbc:h2:mem:library
select b1_0.id,b1_0.due_date,b1_0.loaned_to,b1_0.title from books b1_0 where b1_0.id=?
select b1_0.id,b1_0.due_date,b1_0.loaned_to,b1_0.title from books b1_0 where b1_0.id='b2';
2025-12-26T20:01:15.206+02:00  INFO 57603 --- [library-api] [    Test worker] p6spy                                    : #1766772075206 | took 0ms | statement | connection 26| url jdbc:h2:mem:library
select rq1_0.book_id,rq1_0.position,rq1_0.member_id from book_reservations rq1_0 where rq1_0.book_id=?
select rq1_0.book_id,rq1_0.position,rq1_0.member_id from book_reservations rq1_0 where rq1_0.book_id='b2';
2025-12-26T20:01:15.207+02:00  INFO 57603 --- [library-api] [    Test worker] p6spy                                    : #1766772075207 | took 0ms | commit | connection 26| url jdbc:h2:mem:library

;
2025-12-26T20:01:15.208+02:00  INFO 57603 --- [library-api] [    Test worker] p6spy                                    : #1766772075208 | took 0ms | statement | connection 27| url jdbc:h2:mem:library
select b1_0.id,b1_0.due_date,b1_0.loaned_to,b1_0.title from books b1_0 where b1_0.id=?
select b1_0.id,b1_0.due_date,b1_0.loaned_to,b1_0.title from books b1_0 where b1_0.id='b3';
2025-12-26T20:01:15.209+02:00  INFO 57603 --- [library-api] [    Test worker] p6spy                                    : #1766772075209 | took 0ms | statement | connection 27| url jdbc:h2:mem:library
select rq1_0.book_id,rq1_0.position,rq1_0.member_id from book_reservations rq1_0 where rq1_0.book_id=?
select rq1_0.book_id,rq1_0.position,rq1_0.member_id from book_reservations rq1_0 where rq1_0.book_id='b3';
2025-12-26T20:01:15.210+02:00  INFO 57603 --- [library-api] [    Test worker] p6spy                                    : #1766772075210 | took 0ms | commit | connection 27| url jdbc:h2:mem:library

;
2025-12-26T20:01:15.211+02:00  INFO 57603 --- [library-api] [    Test worker] p6spy                                    : #1766772075211 | took 0ms | statement | connection 28| url jdbc:h2:mem:library
select b1_0.id,b1_0.due_date,b1_0.loaned_to,b1_0.title from books b1_0 where b1_0.id=?
select b1_0.id,b1_0.due_date,b1_0.loaned_to,b1_0.title from books b1_0 where b1_0.id='b4';
2025-12-26T20:01:15.212+02:00  INFO 57603 --- [library-api] [    Test worker] p6spy                                    : #1766772075212 | took 0ms | statement | connection 28| url jdbc:h2:mem:library
select rq1_0.book_id,rq1_0.position,rq1_0.member_id from book_reservations rq1_0 where rq1_0.book_id=?
select rq1_0.book_id,rq1_0.position,rq1_0.member_id from book_reservations rq1_0 where rq1_0.book_id='b4';
2025-12-26T20:01:15.213+02:00  INFO 57603 --- [library-api] [    Test worker] p6spy                                    : #1766772075213 | took 0ms | commit | connection 28| url jdbc:h2:mem:library

;
2025-12-26T20:01:15.214+02:00  INFO 57603 --- [library-api] [    Test worker] p6spy                                    : #1766772075214 | took 0ms | statement | connection 29| url jdbc:h2:mem:library
select b1_0.id,b1_0.due_date,b1_0.loaned_to,b1_0.title from books b1_0 where b1_0.id=?
select b1_0.id,b1_0.due_date,b1_0.loaned_to,b1_0.title from books b1_0 where b1_0.id='b5';
2025-12-26T20:01:15.215+02:00  INFO 57603 --- [library-api] [    Test worker] p6spy                                    : #1766772075215 | took 0ms | statement | connection 29| url jdbc:h2:mem:library
select rq1_0.book_id,rq1_0.position,rq1_0.member_id from book_reservations rq1_0 where rq1_0.book_id=?
select rq1_0.book_id,rq1_0.position,rq1_0.member_id from book_reservations rq1_0 where rq1_0.book_id='b5';
2025-12-26T20:01:15.215+02:00  INFO 57603 --- [library-api] [    Test worker] p6spy                                    : #1766772075215 | took 0ms | commit | connection 29| url jdbc:h2:mem:library

;
2025-12-26T20:01:15.216+02:00  INFO 57603 --- [library-api] [    Test worker] p6spy                                    : #1766772075216 | took 0ms | statement | connection 30| url jdbc:h2:mem:library
select b1_0.id,b1_0.due_date,b1_0.loaned_to,b1_0.title from books b1_0 where b1_0.id=?
select b1_0.id,b1_0.due_date,b1_0.loaned_to,b1_0.title from books b1_0 where b1_0.id='b6';
2025-12-26T20:01:15.217+02:00  INFO 57603 --- [library-api] [    Test worker] p6spy                                    : #1766772075217 | took 0ms | statement | connection 30| url jdbc:h2:mem:library
select rq1_0.book_id,rq1_0.position,rq1_0.member_id from book_reservations rq1_0 where rq1_0.book_id=?
select rq1_0.book_id,rq1_0.position,rq1_0.member_id from book_reservations rq1_0 where rq1_0.book_id='b6';
2025-12-26T20:01:15.218+02:00  INFO 57603 --- [library-api] [    Test worker] p6spy                                    : #1766772075218 | took 0ms | commit | connection 30| url jdbc:h2:mem:library

;
2025-12-26T20:01:15.227+02:00  INFO 57603 --- [library-api] [o-auto-2-exec-1] o.a.c.c.C.[Tomcat].[localhost].[/]       : Initializing Spring DispatcherServlet 'dispatcherServlet'
2025-12-26T20:01:15.228+02:00  INFO 57603 --- [library-api] [o-auto-2-exec-1] o.s.web.servlet.DispatcherServlet        : Initializing Servlet 'dispatcherServlet'
2025-12-26T20:01:15.229+02:00  INFO 57603 --- [library-api] [o-auto-2-exec-1] o.s.web.servlet.DispatcherServlet        : Completed initialization in 1 ms
2025-12-26T20:01:15.244+02:00  INFO 57603 --- [library-api] [o-auto-2-exec-1] p6spy                                    : #1766772075244 | took 0ms | statement | connection 31| url jdbc:h2:mem:library
select m1_0.id,m1_0.name from members m1_0 where m1_0.id=?
select m1_0.id,m1_0.name from members m1_0 where m1_0.id='vm1';
2025-12-26T20:01:15.246+02:00  INFO 57603 --- [library-api] [o-auto-2-exec-1] p6spy                                    : #1766772075246 | took 0ms | statement | connection 31| url jdbc:h2:mem:library
insert into members (name,id) values (?,?)
insert into members (name,id) values ('Visible Member','vm1');
2025-12-26T20:01:15.246+02:00  INFO 57603 --- [library-api] [o-auto-2-exec-1] p6spy                                    : #1766772075246 | took 0ms | commit | connection 31| url jdbc:h2:mem:library

;
2025-12-26T20:01:15.262+02:00  INFO 57603 --- [library-api] [o-auto-2-exec-2] p6spy                                    : #1766772075262 | took 0ms | statement | connection 32| url jdbc:h2:mem:library
select m1_0.id,m1_0.name from members m1_0 where m1_0.id=?
select m1_0.id,m1_0.name from members m1_0 where m1_0.id='vm1';
2025-12-26T20:01:15.262+02:00  INFO 57603 --- [library-api] [o-auto-2-exec-2] p6spy                                    : #1766772075262 | took 0ms | commit | connection 32| url jdbc:h2:mem:library

;
2025-12-26T20:01:15.264+02:00  INFO 57603 --- [library-api] [o-auto-2-exec-2] p6spy                                    : #1766772075264 | took 0ms | statement | connection 32| url jdbc:h2:mem:library
update members set name=? where id=?
update members set name='Renamed' where id='vm1';
2025-12-26T20:01:15.265+02:00  INFO 57603 --- [library-api] [o-auto-2-exec-2] p6spy                                    : #1766772075265 | took 0ms | commit | connection 32| url jdbc:h2:mem:library

;
2025-12-26T20:01:15.274+02:00  INFO 57603 --- [library-api] [o-auto-2-exec-3] p6spy                                    : #1766772075274 | took 0ms | statement | connection 33| url jdbc:h2:mem:library
select m1_0.id,m1_0.name from members m1_0
select m1_0.id,m1_0.name from members m1_0;
2025-12-26T20:01:15.276+02:00  INFO 57603 --- [library-api] [o-auto-2-exec-3] p6spy                                    : #1766772075276 | took 0ms | commit | connection 33| url jdbc:h2:mem:library

;
2025-12-26T20:01:15.289+02:00  INFO 57603 --- [library-api] [o-auto-2-exec-4] p6spy                                    : #1766772075289 | took 0ms | statement | connection 34| url jdbc:h2:mem:library
select m1_0.id,m1_0.name from members m1_0 where m1_0.id=?
select m1_0.id,m1_0.name from members m1_0 where m1_0.id='vm1';
2025-12-26T20:01:15.290+02:00  INFO 57603 --- [library-api] [o-auto-2-exec-4] p6spy                                    : #1766772075290 | took 0ms | commit | connection 34| url jdbc:h2:mem:library

;
2025-12-26T20:01:15.292+02:00  INFO 57603 --- [library-api] [o-auto-2-exec-4] p6spy                                    : #1766772075292 | took 0ms | statement | connection 34| url jdbc:h2:mem:library
select b1_0.id,b1_0.due_date,b1_0.loaned_to,b1_0.title from books b1_0
select b1_0.id,b1_0.due_date,b1_0.loaned_to,b1_0.title from books b1_0;
2025-12-26T20:01:15.293+02:00  INFO 57603 --- [library-api] [o-auto-2-exec-4] p6spy                                    : #1766772075293 | took 0ms | commit | connection 34| url jdbc:h2:mem:library

;
2025-12-26T20:01:15.294+02:00  INFO 57603 --- [library-api] [o-auto-2-exec-4] p6spy                                    : #1766772075294 | took 0ms | statement | connection 34| url jdbc:h2:mem:library
select rq1_0.book_id,rq1_0.position,rq1_0.member_id from book_reservations rq1_0 where rq1_0.book_id=?
select rq1_0.book_id,rq1_0.position,rq1_0.member_id from book_reservations rq1_0 where rq1_0.book_id='b1';
2025-12-26T20:01:15.294+02:00  INFO 57603 --- [library-api] [o-auto-2-exec-4] p6spy                                    : #1766772075294 | took 0ms | statement | connection 34| url jdbc:h2:mem:library
select rq1_0.book_id,rq1_0.position,rq1_0.member_id from book_reservations rq1_0 where rq1_0.book_id=?
select rq1_0.book_id,rq1_0.position,rq1_0.member_id from book_reservations rq1_0 where rq1_0.book_id='b2';
2025-12-26T20:01:15.295+02:00  INFO 57603 --- [library-api] [o-auto-2-exec-4] p6spy                                    : #1766772075295 | took 0ms | statement | connection 34| url jdbc:h2:mem:library
select rq1_0.book_id,rq1_0.position,rq1_0.member_id from book_reservations rq1_0 where rq1_0.book_id=?
select rq1_0.book_id,rq1_0.position,rq1_0.member_id from book_reservations rq1_0 where rq1_0.book_id='b3';
2025-12-26T20:01:15.295+02:00  INFO 57603 --- [library-api] [o-auto-2-exec-4] p6spy                                    : #1766772075295 | took 0ms | statement | connection 34| url jdbc:h2:mem:library
select rq1_0.book_id,rq1_0.position,rq1_0.member_id from book_reservations rq1_0 where rq1_0.book_id=?
select rq1_0.book_id,rq1_0.position,rq1_0.member_id from book_reservations rq1_0 where rq1_0.book_id='b4';
2025-12-26T20:01:15.295+02:00  INFO 57603 --- [library-api] [o-auto-2-exec-4] p6spy                                    : #1766772075295 | took 0ms | statement | connection 34| url jdbc:h2:mem:library
select rq1_0.book_id,rq1_0.position,rq1_0.member_id from book_reservations rq1_0 where rq1_0.book_id=?
select rq1_0.book_id,rq1_0.position,rq1_0.member_id from book_reservations rq1_0 where rq1_0.book_id='b5';
2025-12-26T20:01:15.296+02:00  INFO 57603 --- [library-api] [o-auto-2-exec-4] p6spy                                    : #1766772075296 | took 0ms | statement | connection 34| url jdbc:h2:mem:library
select rq1_0.book_id,rq1_0.position,rq1_0.member_id from book_reservations rq1_0 where rq1_0.book_id=?
select rq1_0.book_id,rq1_0.position,rq1_0.member_id from book_reservations rq1_0 where rq1_0.book_id='b6';
2025-12-26T20:01:15.301+02:00  INFO 57603 --- [library-api] [o-auto-2-exec-4] p6spy                                    : #1766772075301 | took 0ms | statement | connection 34| url jdbc:h2:mem:library
delete from members where id=?
delete from members where id='vm1';
2025-12-26T20:01:15.302+02:00  INFO 57603 --- [library-api] [o-auto-2-exec-4] p6spy                                    : #1766772075302 | took 0ms | commit | connection 34| url jdbc:h2:mem:library

;
2025-12-26T20:01:15.307+02:00  INFO 57603 --- [library-api] [o-auto-2-exec-5] p6spy                                    : #1766772075307 | took 0ms | statement | connection 35| url jdbc:h2:mem:library
select m1_0.id,m1_0.name from members m1_0
select m1_0.id,m1_0.name from members m1_0;
2025-12-26T20:01:15.308+02:00  INFO 57603 --- [library-api] [o-auto-2-exec-5] p6spy                                    : #1766772075308 | took 0ms | commit | connection 35| url jdbc:h2:mem:library

;
2025-12-26T20:01:15.317+02:00  INFO 57603 --- [library-api] [    Test worker] j.LocalContainerEntityManagerFactoryBean : Closing JPA EntityManagerFactory for persistence unit 'default'
2025-12-26T20:01:15.318+02:00  INFO 57603 --- [library-api] [    Test worker] com.zaxxer.hikari.HikariDataSource       : HikariPool-2 - Shutdown initiated...
2025-12-26T20:01:15.319+02:00  INFO 57603 --- [library-api] [    Test worker] com.zaxxer.hikari.HikariDataSource       : HikariPool-2 - Shutdown completed.



888b    888                  888             888      888      8888888888        d8888 8888888b.        .d8888b.   .d8888b.   .d8888b.   .d8888b.   
8888b   888                  888             888      888      888              d88888 888   Y88b      d88P  Y88b d88P  Y88b d88P  Y88b d88P  Y88b  
88888b  888                  888             888      888      888             d88P888 888    888             888 888    888        888 888         
888Y88b 888  .d88b.  888d888 888888  8888b.  888      888      8888888        d88P 888 888   d88P           .d88P 888    888      .d88P 888d888b.   
888 Y88b888 d88""88b 888P"   888        "88b 888      888      888           d88P  888 8888888P"        .od888P"  888    888  .od888P"  888P "Y88b  
888  Y88888 888  888 888     888    .d888888 888      888      888          d88P   888 888             d88P"      888    888 d88P"      888    888  
888   Y8888 Y88..88P 888     Y88b.  888  888 888      888      888         d8888888888 888             888"       Y88b  d88P 888"       Y88b  d88P  
888    Y888  "Y88P"  888      "Y888 "Y888888 888      88888888 8888888888 d88P     888 888             888888888   "Y8888P"  888888888   "Y8888P"   
                                                                                                                                                    
                                                                                                                                                    
                                                                                                                                                    
 .d8888b.                888 d8b                               d8888                   d8b                                                   888    
d88P  Y88b               888 Y8P                              d88888                   Y8P                                                   888    
888    888               888                                 d88P888                                                                         888    
888         .d88b.   .d88888 888 88888b.   .d88b.           d88P 888 .d8888b  .d8888b  888  .d88b.  88888b.  88888b.d88b.   .d88b.  88888b.  888888 
888        d88""88b d88" 888 888 888 "88b d88P"88b         d88P  888 88K      88K      888 d88P"88b 888 "88b 888 "888 "88b d8P  Y8b 888 "88b 888    
888    888 888  888 888  888 888 888  888 888  888        d88P   888 "Y8888b. "Y8888b. 888 888  888 888  888 888  888  888 88888888 888  888 888    
Y88b  d88P Y88..88P Y88b 888 888 888  888 Y88b 888       d8888888888      X88      X88 888 Y88b 888 888  888 888  888  888 Y8b.     888  888 Y88b.  
 "Y8888P"   "Y88P"   "Y88888 888 888  888  "Y88888      d88P     888  88888P'  88888P' 888  "Y88888 888  888 888  888  888  "Y8888  888  888  "Y888 
                                               888                                              888                                                 
                                          Y8b d88P                                         Y8b d88P                                                 
                                           "Y88P"                                           "Y88P"                                                                                                 

H2 console: http://localhost:0/h2-console
API:        http://localhost:0/api

2025-12-26T20:01:15.362+02:00  INFO 57603 --- [library-api] [    Test worker] c.nortal.library.api.ApiIntegrationTest  : Starting ApiIntegrationTest using Java 21.0.8 with PID 57603 (started by joel in /home/joel/Documents/Nortal/LEAP 2026/nortal-leap-2026-test-assignment/backend/api)
2025-12-26T20:01:15.362+02:00 DEBUG 57603 --- [library-api] [    Test worker] c.nortal.library.api.ApiIntegrationTest  : Running with Spring Boot v3.3.4, Spring v6.1.13
2025-12-26T20:01:15.362+02:00  INFO 57603 --- [library-api] [    Test worker] c.nortal.library.api.ApiIntegrationTest  : No active profile set, falling back to 1 default profile: "default"
2025-12-26T20:01:15.483+02:00  INFO 57603 --- [library-api] [    Test worker] .s.d.r.c.RepositoryConfigurationDelegate : Bootstrapping Spring Data JPA repositories in DEFAULT mode.
2025-12-26T20:01:15.488+02:00  INFO 57603 --- [library-api] [    Test worker] .s.d.r.c.RepositoryConfigurationDelegate : Finished Spring Data repository scanning in 4 ms. Found 2 JPA repository interfaces.
2025-12-26T20:01:15.617+02:00  INFO 57603 --- [library-api] [    Test worker] o.s.b.w.embedded.tomcat.TomcatWebServer  : Tomcat initialized with port 0 (http)
2025-12-26T20:01:15.619+02:00  INFO 57603 --- [library-api] [    Test worker] o.apache.catalina.core.StandardService   : Starting service [Tomcat]
2025-12-26T20:01:15.619+02:00  INFO 57603 --- [library-api] [    Test worker] o.apache.catalina.core.StandardEngine    : Starting Servlet engine: [Apache Tomcat/10.1.30]
2025-12-26T20:01:15.635+02:00  INFO 57603 --- [library-api] [    Test worker] o.a.c.c.C.[Tomcat].[localhost].[/]       : Initializing Spring embedded WebApplicationContext
2025-12-26T20:01:15.635+02:00  INFO 57603 --- [library-api] [    Test worker] w.s.c.ServletWebServerApplicationContext : Root WebApplicationContext: initialization completed in 270 ms
2025-12-26T20:01:15.675+02:00  INFO 57603 --- [library-api] [    Test worker] com.zaxxer.hikari.HikariDataSource       : HikariPool-3 - Starting...
2025-12-26T20:01:15.676+02:00  INFO 57603 --- [library-api] [    Test worker] com.zaxxer.hikari.pool.HikariPool        : HikariPool-3 - Added connection conn20: url=jdbc:h2:mem:library user=SA
2025-12-26T20:01:15.677+02:00  INFO 57603 --- [library-api] [    Test worker] com.zaxxer.hikari.HikariDataSource       : HikariPool-3 - Start completed.
2025-12-26T20:01:15.677+02:00  INFO 57603 --- [library-api] [    Test worker] o.s.b.a.h2.H2ConsoleAutoConfiguration    : H2 console available at '/h2-console'. Database available at 'jdbc:h2:mem:library'
2025-12-26T20:01:15.696+02:00  INFO 57603 --- [library-api] [    Test worker] p6spy                                    : #1766772075696 | took 0ms | statement | connection 37| url jdbc:h2:mem:library
CREATE TABLE IF NOT EXISTS members ( id VARCHAR(255) PRIMARY KEY, name VARCHAR(255) NOT NULL )
CREATE TABLE IF NOT EXISTS members ( id VARCHAR(255) PRIMARY KEY, name VARCHAR(255) NOT NULL );
2025-12-26T20:01:15.696+02:00  INFO 57603 --- [library-api] [    Test worker] p6spy                                    : #1766772075696 | took 0ms | statement | connection 37| url jdbc:h2:mem:library
CREATE TABLE IF NOT EXISTS books ( id VARCHAR(255) PRIMARY KEY, title VARCHAR(255) NOT NULL, loaned_to VARCHAR(255), due_date DATE )
CREATE TABLE IF NOT EXISTS books ( id VARCHAR(255) PRIMARY KEY, title VARCHAR(255) NOT NULL, loaned_to VARCHAR(255), due_date DATE );
2025-12-26T20:01:15.697+02:00  INFO 57603 --- [library-api] [    Test worker] p6spy                                    : #1766772075697 | took 0ms | statement | connection 37| url jdbc:h2:mem:library
CREATE TABLE IF NOT EXISTS book_reservations ( book_id VARCHAR(255) NOT NULL, position INTEGER NOT NULL, member_id VARCHAR(255), CONSTRAINT fk_book_reservation_book FOREIGN KEY (book_id) REFERENCES books (id) )
CREATE TABLE IF NOT EXISTS book_reservations ( book_id VARCHAR(255) NOT NULL, position INTEGER NOT NULL, member_id VARCHAR(255), CONSTRAINT fk_book_reservation_book FOREIGN KEY (book_id) REFERENCES books (id) );
2025-12-26T20:01:15.708+02:00  INFO 57603 --- [library-api] [    Test worker] o.hibernate.jpa.internal.util.LogHelper  : HHH000204: Processing PersistenceUnitInfo [name: default]
2025-12-26T20:01:15.711+02:00  INFO 57603 --- [library-api] [    Test worker] o.h.c.internal.RegionFactoryInitiator    : HHH000026: Second-level cache disabled
2025-12-26T20:01:15.718+02:00  INFO 57603 --- [library-api] [    Test worker] o.s.o.j.p.SpringPersistenceUnitInfo      : No LoadTimeWeaver setup: ignoring JPA class transformer
2025-12-26T20:01:15.767+02:00  INFO 57603 --- [library-api] [    Test worker] o.h.e.t.j.p.i.JtaPlatformInitiator       : HHH000489: No JTA platform available (set 'hibernate.transaction.jta.platform' to enable JTA platform integration)
2025-12-26T20:01:15.768+02:00  INFO 57603 --- [library-api] [    Test worker] p6spy                                    : #1766772075768 | took 0ms | statement | connection 39| url jdbc:h2:mem:library
select * from INFORMATION_SCHEMA.SEQUENCES
select * from INFORMATION_SCHEMA.SEQUENCES;
2025-12-26T20:01:15.770+02:00  INFO 57603 --- [library-api] [    Test worker] p6spy                                    : #1766772075770 | took 0ms | statement | connection 39| url jdbc:h2:mem:library
select * from "LIBRARY"."PUBLIC"."BOOKS" where 1=0
select * from "LIBRARY"."PUBLIC"."BOOKS" where 1=0;
2025-12-26T20:01:15.770+02:00  INFO 57603 --- [library-api] [    Test worker] j.LocalContainerEntityManagerFactoryBean : Initialized JPA EntityManagerFactory for persistence unit 'default'
2025-12-26T20:01:15.964+02:00  INFO 57603 --- [library-api] [    Test worker] o.s.b.w.embedded.tomcat.TomcatWebServer  : Tomcat started on port 43841 (http) with context path '/'
2025-12-26T20:01:15.969+02:00  INFO 57603 --- [library-api] [    Test worker] c.nortal.library.api.ApiIntegrationTest  : Started ApiIntegrationTest in 0.642 seconds (process running for 9.183)
2025-12-26T20:01:15.973+02:00  INFO 57603 --- [library-api] [    Test worker] p6spy                                    : #1766772075973 | took 0ms | statement | connection 40| url jdbc:h2:mem:library
select m1_0.id,m1_0.name from members m1_0 where m1_0.id=?
select m1_0.id,m1_0.name from members m1_0 where m1_0.id='m1';
2025-12-26T20:01:15.976+02:00  INFO 57603 --- [library-api] [    Test worker] p6spy                                    : #1766772075976 | took 0ms | commit | connection 40| url jdbc:h2:mem:library

;
2025-12-26T20:01:15.977+02:00  INFO 57603 --- [library-api] [    Test worker] p6spy                                    : #1766772075977 | took 0ms | statement | connection 41| url jdbc:h2:mem:library
select m1_0.id,m1_0.name from members m1_0 where m1_0.id=?
select m1_0.id,m1_0.name from members m1_0 where m1_0.id='m2';
2025-12-26T20:01:15.978+02:00  INFO 57603 --- [library-api] [    Test worker] p6spy                                    : #1766772075978 | took 0ms | commit | connection 41| url jdbc:h2:mem:library

;
2025-12-26T20:01:15.979+02:00  INFO 57603 --- [library-api] [    Test worker] p6spy                                    : #1766772075979 | took 0ms | statement | connection 42| url jdbc:h2:mem:library
select m1_0.id,m1_0.name from members m1_0 where m1_0.id=?
select m1_0.id,m1_0.name from members m1_0 where m1_0.id='m3';
2025-12-26T20:01:15.980+02:00  INFO 57603 --- [library-api] [    Test worker] p6spy                                    : #1766772075980 | took 0ms | commit | connection 42| url jdbc:h2:mem:library

;
2025-12-26T20:01:15.981+02:00  INFO 57603 --- [library-api] [    Test worker] p6spy                                    : #1766772075981 | took 0ms | statement | connection 43| url jdbc:h2:mem:library
select m1_0.id,m1_0.name from members m1_0 where m1_0.id=?
select m1_0.id,m1_0.name from members m1_0 where m1_0.id='m4';
2025-12-26T20:01:15.982+02:00  INFO 57603 --- [library-api] [    Test worker] p6spy                                    : #1766772075982 | took 0ms | commit | connection 43| url jdbc:h2:mem:library

;
2025-12-26T20:01:15.984+02:00  INFO 57603 --- [library-api] [    Test worker] p6spy                                    : #1766772075984 | took 0ms | statement | connection 44| url jdbc:h2:mem:library
select b1_0.id,b1_0.due_date,b1_0.loaned_to,b1_0.title from books b1_0 where b1_0.id=?
select b1_0.id,b1_0.due_date,b1_0.loaned_to,b1_0.title from books b1_0 where b1_0.id='b1';
2025-12-26T20:01:15.986+02:00  INFO 57603 --- [library-api] [    Test worker] p6spy                                    : #1766772075986 | took 0ms | statement | connection 44| url jdbc:h2:mem:library
select rq1_0.book_id,rq1_0.position,rq1_0.member_id from book_reservations rq1_0 where rq1_0.book_id=?
select rq1_0.book_id,rq1_0.position,rq1_0.member_id from book_reservations rq1_0 where rq1_0.book_id='b1';
2025-12-26T20:01:15.986+02:00  INFO 57603 --- [library-api] [    Test worker] p6spy                                    : #1766772075986 | took 0ms | commit | connection 44| url jdbc:h2:mem:library

;
2025-12-26T20:01:15.988+02:00  INFO 57603 --- [library-api] [    Test worker] p6spy                                    : #1766772075988 | took 0ms | statement | connection 45| url jdbc:h2:mem:library
select b1_0.id,b1_0.due_date,b1_0.loaned_to,b1_0.title from books b1_0 where b1_0.id=?
select b1_0.id,b1_0.due_date,b1_0.loaned_to,b1_0.title from books b1_0 where b1_0.id='b2';
2025-12-26T20:01:15.989+02:00  INFO 57603 --- [library-api] [    Test worker] p6spy                                    : #1766772075989 | took 0ms | statement | connection 45| url jdbc:h2:mem:library
select rq1_0.book_id,rq1_0.position,rq1_0.member_id from book_reservations rq1_0 where rq1_0.book_id=?
select rq1_0.book_id,rq1_0.position,rq1_0.member_id from book_reservations rq1_0 where rq1_0.book_id='b2';
2025-12-26T20:01:15.989+02:00  INFO 57603 --- [library-api] [    Test worker] p6spy                                    : #1766772075989 | took 0ms | commit | connection 45| url jdbc:h2:mem:library

;
2025-12-26T20:01:15.990+02:00  INFO 57603 --- [library-api] [    Test worker] p6spy                                    : #1766772075990 | took 0ms | statement | connection 46| url jdbc:h2:mem:library
select b1_0.id,b1_0.due_date,b1_0.loaned_to,b1_0.title from books b1_0 where b1_0.id=?
select b1_0.id,b1_0.due_date,b1_0.loaned_to,b1_0.title from books b1_0 where b1_0.id='b3';
2025-12-26T20:01:15.991+02:00  INFO 57603 --- [library-api] [    Test worker] p6spy                                    : #1766772075991 | took 0ms | statement | connection 46| url jdbc:h2:mem:library
select rq1_0.book_id,rq1_0.position,rq1_0.member_id from book_reservations rq1_0 where rq1_0.book_id=?
select rq1_0.book_id,rq1_0.position,rq1_0.member_id from book_reservations rq1_0 where rq1_0.book_id='b3';
2025-12-26T20:01:15.992+02:00  INFO 57603 --- [library-api] [    Test worker] p6spy                                    : #1766772075992 | took 0ms | commit | connection 46| url jdbc:h2:mem:library

;
2025-12-26T20:01:15.993+02:00  INFO 57603 --- [library-api] [    Test worker] p6spy                                    : #1766772075993 | took 0ms | statement | connection 47| url jdbc:h2:mem:library
select b1_0.id,b1_0.due_date,b1_0.loaned_to,b1_0.title from books b1_0 where b1_0.id=?
select b1_0.id,b1_0.due_date,b1_0.loaned_to,b1_0.title from books b1_0 where b1_0.id='b4';
2025-12-26T20:01:15.994+02:00  INFO 57603 --- [library-api] [    Test worker] p6spy                                    : #1766772075994 | took 0ms | statement | connection 47| url jdbc:h2:mem:library
select rq1_0.book_id,rq1_0.position,rq1_0.member_id from book_reservations rq1_0 where rq1_0.book_id=?
select rq1_0.book_id,rq1_0.position,rq1_0.member_id from book_reservations rq1_0 where rq1_0.book_id='b4';
2025-12-26T20:01:15.994+02:00  INFO 57603 --- [library-api] [    Test worker] p6spy                                    : #1766772075994 | took 0ms | commit | connection 47| url jdbc:h2:mem:library

;
2025-12-26T20:01:15.996+02:00  INFO 57603 --- [library-api] [    Test worker] p6spy                                    : #1766772075996 | took 0ms | statement | connection 48| url jdbc:h2:mem:library
select b1_0.id,b1_0.due_date,b1_0.loaned_to,b1_0.title from books b1_0 where b1_0.id=?
select b1_0.id,b1_0.due_date,b1_0.loaned_to,b1_0.title from books b1_0 where b1_0.id='b5';
2025-12-26T20:01:15.998+02:00  INFO 57603 --- [library-api] [    Test worker] p6spy                                    : #1766772075998 | took 0ms | statement | connection 48| url jdbc:h2:mem:library
select rq1_0.book_id,rq1_0.position,rq1_0.member_id from book_reservations rq1_0 where rq1_0.book_id=?
select rq1_0.book_id,rq1_0.position,rq1_0.member_id from book_reservations rq1_0 where rq1_0.book_id='b5';
2025-12-26T20:01:15.999+02:00  INFO 57603 --- [library-api] [    Test worker] p6spy                                    : #1766772075999 | took 0ms | commit | connection 48| url jdbc:h2:mem:library

;
2025-12-26T20:01:16.000+02:00  INFO 57603 --- [library-api] [    Test worker] p6spy                                    : #1766772076000 | took 0ms | statement | connection 49| url jdbc:h2:mem:library
select b1_0.id,b1_0.due_date,b1_0.loaned_to,b1_0.title from books b1_0 where b1_0.id=?
select b1_0.id,b1_0.due_date,b1_0.loaned_to,b1_0.title from books b1_0 where b1_0.id='b6';
2025-12-26T20:01:16.001+02:00  INFO 57603 --- [library-api] [    Test worker] p6spy                                    : #1766772076001 | took 0ms | statement | connection 49| url jdbc:h2:mem:library
select rq1_0.book_id,rq1_0.position,rq1_0.member_id from book_reservations rq1_0 where rq1_0.book_id=?
select rq1_0.book_id,rq1_0.position,rq1_0.member_id from book_reservations rq1_0 where rq1_0.book_id='b6';
2025-12-26T20:01:16.002+02:00  INFO 57603 --- [library-api] [    Test worker] p6spy                                    : #1766772076002 | took 0ms | commit | connection 49| url jdbc:h2:mem:library

;
2025-12-26T20:01:16.012+02:00  INFO 57603 --- [library-api] [o-auto-3-exec-1] o.a.c.c.C.[Tomcat].[localhost].[/]       : Initializing Spring DispatcherServlet 'dispatcherServlet'
2025-12-26T20:01:16.012+02:00  INFO 57603 --- [library-api] [o-auto-3-exec-1] o.s.web.servlet.DispatcherServlet        : Initializing Servlet 'dispatcherServlet'
2025-12-26T20:01:16.013+02:00  INFO 57603 --- [library-api] [o-auto-3-exec-1] o.s.web.servlet.DispatcherServlet        : Completed initialization in 1 ms
2025-12-26T20:01:16.017+02:00  INFO 57603 --- [library-api] [o-auto-3-exec-1] p6spy                                    : #1766772076017 | took 0ms | statement | connection 50| url jdbc:h2:mem:library
select b1_0.id,b1_0.due_date,b1_0.loaned_to,b1_0.title from books b1_0
select b1_0.id,b1_0.due_date,b1_0.loaned_to,b1_0.title from books b1_0;
2025-12-26T20:01:16.019+02:00  INFO 57603 --- [library-api] [o-auto-3-exec-1] p6spy                                    : #1766772076019 | took 0ms | commit | connection 50| url jdbc:h2:mem:library

;
2025-12-26T20:01:16.025+02:00  INFO 57603 --- [library-api] [o-auto-3-exec-1] p6spy                                    : #1766772076025 | took 0ms | statement | connection 50| url jdbc:h2:mem:library
select rq1_0.book_id,rq1_0.position,rq1_0.member_id from book_reservations rq1_0 where rq1_0.book_id=?
select rq1_0.book_id,rq1_0.position,rq1_0.member_id from book_reservations rq1_0 where rq1_0.book_id='b1';
2025-12-26T20:01:16.027+02:00  INFO 57603 --- [library-api] [o-auto-3-exec-1] p6spy                                    : #1766772076027 | took 0ms | statement | connection 50| url jdbc:h2:mem:library
select rq1_0.book_id,rq1_0.position,rq1_0.member_id from book_reservations rq1_0 where rq1_0.book_id=?
select rq1_0.book_id,rq1_0.position,rq1_0.member_id from book_reservations rq1_0 where rq1_0.book_id='b2';
2025-12-26T20:01:16.027+02:00  INFO 57603 --- [library-api] [o-auto-3-exec-1] p6spy                                    : #1766772076027 | took 0ms | statement | connection 50| url jdbc:h2:mem:library
select rq1_0.book_id,rq1_0.position,rq1_0.member_id from book_reservations rq1_0 where rq1_0.book_id=?
select rq1_0.book_id,rq1_0.position,rq1_0.member_id from book_reservations rq1_0 where rq1_0.book_id='b3';
2025-12-26T20:01:16.028+02:00  INFO 57603 --- [library-api] [o-auto-3-exec-1] p6spy                                    : #1766772076028 | took 0ms | statement | connection 50| url jdbc:h2:mem:library
select rq1_0.book_id,rq1_0.position,rq1_0.member_id from book_reservations rq1_0 where rq1_0.book_id=?
select rq1_0.book_id,rq1_0.position,rq1_0.member_id from book_reservations rq1_0 where rq1_0.book_id='b4';
2025-12-26T20:01:16.028+02:00  INFO 57603 --- [library-api] [o-auto-3-exec-1] p6spy                                    : #1766772076028 | took 0ms | statement | connection 50| url jdbc:h2:mem:library
select rq1_0.book_id,rq1_0.position,rq1_0.member_id from book_reservations rq1_0 where rq1_0.book_id=?
select rq1_0.book_id,rq1_0.position,rq1_0.member_id from book_reservations rq1_0 where rq1_0.book_id='b5';
2025-12-26T20:01:16.029+02:00  INFO 57603 --- [library-api] [o-auto-3-exec-1] p6spy                                    : #1766772076029 | took 0ms | statement | connection 50| url jdbc:h2:mem:library
select rq1_0.book_id,rq1_0.position,rq1_0.member_id from book_reservations rq1_0 where rq1_0.book_id=?
select rq1_0.book_id,rq1_0.position,rq1_0.member_id from book_reservations rq1_0 where rq1_0.book_id='b6';
2025-12-26T20:01:16.037+02:00  INFO 57603 --- [library-api] [o-auto-3-exec-2] p6spy                                    : #1766772076037 | took 0ms | statement | connection 51| url jdbc:h2:mem:library
select m1_0.id,m1_0.name from members m1_0
select m1_0.id,m1_0.name from members m1_0;
2025-12-26T20:01:16.038+02:00  INFO 57603 --- [library-api] [o-auto-3-exec-2] p6spy                                    : #1766772076038 | took 0ms | commit | connection 51| url jdbc:h2:mem:library

;
2025-12-26T20:01:16.054+02:00  INFO 57603 --- [library-api] [    Test worker] j.LocalContainerEntityManagerFactoryBean : Closing JPA EntityManagerFactory for persistence unit 'default'
2025-12-26T20:01:16.055+02:00  INFO 57603 --- [library-api] [    Test worker] com.zaxxer.hikari.HikariDataSource       : HikariPool-3 - Shutdown initiated...
2025-12-26T20:01:16.056+02:00  INFO 57603 --- [library-api] [    Test worker] com.zaxxer.hikari.HikariDataSource       : HikariPool-3 - Shutdown completed.



888b    888                  888             888      888      8888888888        d8888 8888888b.        .d8888b.   .d8888b.   .d8888b.   .d8888b.   
8888b   888                  888             888      888      888              d88888 888   Y88b      d88P  Y88b d88P  Y88b d88P  Y88b d88P  Y88b  
88888b  888                  888             888      888      888             d88P888 888    888             888 888    888        888 888         
888Y88b 888  .d88b.  888d888 888888  8888b.  888      888      8888888        d88P 888 888   d88P           .d88P 888    888      .d88P 888d888b.   
888 Y88b888 d88""88b 888P"   888        "88b 888      888      888           d88P  888 8888888P"        .od888P"  888    888  .od888P"  888P "Y88b  
888  Y88888 888  888 888     888    .d888888 888      888      888          d88P   888 888             d88P"      888    888 d88P"      888    888  
888   Y8888 Y88..88P 888     Y88b.  888  888 888      888      888         d8888888888 888             888"       Y88b  d88P 888"       Y88b  d88P  
888    Y888  "Y88P"  888      "Y888 "Y888888 888      88888888 8888888888 d88P     888 888             888888888   "Y8888P"  888888888   "Y8888P"   
                                                                                                                                                    
                                                                                                                                                    
                                                                                                                                                    
 .d8888b.                888 d8b                               d8888                   d8b                                                   888    
d88P  Y88b               888 Y8P                              d88888                   Y8P                                                   888    
888    888               888                                 d88P888                                                                         888    
888         .d88b.   .d88888 888 88888b.   .d88b.           d88P 888 .d8888b  .d8888b  888  .d88b.  88888b.  88888b.d88b.   .d88b.  88888b.  888888 
888        d88""88b d88" 888 888 888 "88b d88P"88b         d88P  888 88K      88K      888 d88P"88b 888 "88b 888 "888 "88b d8P  Y8b 888 "88b 888    
888    888 888  888 888  888 888 888  888 888  888        d88P   888 "Y8888b. "Y8888b. 888 888  888 888  888 888  888  888 88888888 888  888 888    
Y88b  d88P Y88..88P Y88b 888 888 888  888 Y88b 888       d8888888888      X88      X88 888 Y88b 888 888  888 888  888  888 Y8b.     888  888 Y88b.  
 "Y8888P"   "Y88P"   "Y88888 888 888  888  "Y88888      d88P     888  88888P'  88888P' 888  "Y88888 888  888 888  888  888  "Y8888  888  888  "Y888 
                                               888                                              888                                                 
                                          Y8b d88P                                         Y8b d88P                                                 
                                           "Y88P"                                           "Y88P"                                                                                                 

H2 console: http://localhost:0/h2-console
API:        http://localhost:0/api

2025-12-26T20:01:16.099+02:00  INFO 57603 --- [library-api] [    Test worker] c.nortal.library.api.ApiIntegrationTest  : Starting ApiIntegrationTest using Java 21.0.8 with PID 57603 (started by joel in /home/joel/Documents/Nortal/LEAP 2026/nortal-leap-2026-test-assignment/backend/api)
2025-12-26T20:01:16.100+02:00 DEBUG 57603 --- [library-api] [    Test worker] c.nortal.library.api.ApiIntegrationTest  : Running with Spring Boot v3.3.4, Spring v6.1.13
2025-12-26T20:01:16.101+02:00  INFO 57603 --- [library-api] [    Test worker] c.nortal.library.api.ApiIntegrationTest  : No active profile set, falling back to 1 default profile: "default"
2025-12-26T20:01:16.244+02:00  INFO 57603 --- [library-api] [    Test worker] .s.d.r.c.RepositoryConfigurationDelegate : Bootstrapping Spring Data JPA repositories in DEFAULT mode.
[...]
select rq1_0.book_id,rq1_0.position,rq1_0.member_id from book_reservations rq1_0 where rq1_0.book_id='b6';
2025-12-26T20:01:19.960+02:00  INFO 57603 --- [library-api] [    Test worker] j.LocalContainerEntityManagerFactoryBean : Closing JPA EntityManagerFactory for persistence unit 'default'
2025-12-26T20:01:19.960+02:00  INFO 57603 --- [library-api] [    Test worker] com.zaxxer.hikari.HikariDataSource       : HikariPool-9 - Shutdown initiated...
2025-12-26T20:01:19.971+02:00  INFO 57603 --- [library-api] [    Test worker] com.zaxxer.hikari.HikariDataSource       : HikariPool-9 - Shutdown completed.



888b    888                  888             888      888      8888888888        d8888 8888888b.        .d8888b.   .d8888b.   .d8888b.   .d8888b.   
8888b   888                  888             888      888      888              d88888 888   Y88b      d88P  Y88b d88P  Y88b d88P  Y88b d88P  Y88b  
88888b  888                  888             888      888      888             d88P888 888    888             888 888    888        888 888         
888Y88b 888  .d88b.  888d888 888888  8888b.  888      888      8888888        d88P 888 888   d88P           .d88P 888    888      .d88P 888d888b.   
888 Y88b888 d88""88b 888P"   888        "88b 888      888      888           d88P  888 8888888P"        .od888P"  888    888  .od888P"  888P "Y88b  
888  Y88888 888  888 888     888    .d888888 888      888      888          d88P   888 888             d88P"      888    888 d88P"      888    888  
888   Y8888 Y88..88P 888     Y88b.  888  888 888      888      888         d8888888888 888             888"       Y88b  d88P 888"       Y88b  d88P  
888    Y888  "Y88P"  888      "Y888 "Y888888 888      88888888 8888888888 d88P     888 888             888888888   "Y8888P"  888888888   "Y8888P"   
                                                                                                                                                    
                                                                                                                                                    
                                                                                                                                                    
 .d8888b.                888 d8b                               d8888                   d8b                                                   888    
d88P  Y88b               888 Y8P                              d88888                   Y8P                                                   888    
888    888               888                                 d88P888                                                                         888    
888         .d88b.   .d88888 888 88888b.   .d88b.           d88P 888 .d8888b  .d8888b  888  .d88b.  88888b.  88888b.d88b.   .d88b.  88888b.  888888 
888        d88""88b d88" 888 888 888 "88b d88P"88b         d88P  888 88K      88K      888 d88P"88b 888 "88b 888 "888 "88b d8P  Y8b 888 "88b 888    
888    888 888  888 888  888 888 888  888 888  888        d88P   888 "Y8888b. "Y8888b. 888 888  888 888  888 888  888  888 88888888 888  888 888    
Y88b  d88P Y88..88P Y88b 888 888 888  888 Y88b 888       d8888888888      X88      X88 888 Y88b 888 888  888 888  888  888 Y8b.     888  888 Y88b.  
 "Y8888P"   "Y88P"   "Y88888 888 888  888  "Y88888      d88P     888  88888P'  88888P' 888  "Y88888 888  888 888  888  888  "Y8888  888  888  "Y888 
                                               888                                              888                                                 
                                          Y8b d88P                                         Y8b d88P                                                 
                                           "Y88P"                                           "Y88P"                                                                                                 

H2 console: http://localhost:0/h2-console
API:        http://localhost:0/api

2025-12-26T20:01:19.998+02:00  INFO 57603 --- [library-api] [    Test worker] c.nortal.library.api.ApiIntegrationTest  : Starting ApiIntegrationTest using Java 21.0.8 with PID 57603 (started by joel in /home/joel/Documents/Nortal/LEAP 2026/nortal-leap-2026-test-assignment/backend/api)
2025-12-26T20:01:19.998+02:00 DEBUG 57603 --- [library-api] [    Test worker] c.nortal.library.api.ApiIntegrationTest  : Running with Spring Boot v3.3.4, Spring v6.1.13
2025-12-26T20:01:19.998+02:00  INFO 57603 --- [library-api] [    Test worker] c.nortal.library.api.ApiIntegrationTest  : No active profile set, falling back to 1 default profile: "default"
2025-12-26T20:01:20.073+02:00  INFO 57603 --- [library-api] [    Test worker] .s.d.r.c.RepositoryConfigurationDelegate : Bootstrapping Spring Data JPA repositories in DEFAULT mode.
2025-12-26T20:01:20.076+02:00  INFO 57603 --- [library-api] [    Test worker] .s.d.r.c.RepositoryConfigurationDelegate : Finished Spring Data repository scanning in 2 ms. Found 2 JPA repository interfaces.
2025-12-26T20:01:20.166+02:00  INFO 57603 --- [library-api] [    Test worker] o.s.b.w.embedded.tomcat.TomcatWebServer  : Tomcat initialized with port 0 (http)
2025-12-26T20:01:20.167+02:00  INFO 57603 --- [library-api] [    Test worker] o.apache.catalina.core.StandardService   : Starting service [Tomcat]
2025-12-26T20:01:20.167+02:00  INFO 57603 --- [library-api] [    Test worker] o.apache.catalina.core.StandardEngine    : Starting Servlet engine: [Apache Tomcat/10.1.30]
2025-12-26T20:01:20.175+02:00  INFO 57603 --- [library-api] [    Test worker] o.a.c.c.C.[Tomcat].[localhost].[/]       : Initializing Spring embedded WebApplicationContext
2025-12-26T20:01:20.175+02:00  INFO 57603 --- [library-api] [    Test worker] w.s.c.ServletWebServerApplicationContext : Root WebApplicationContext: initialization completed in 175 ms
2025-12-26T20:01:20.188+02:00  INFO 57603 --- [library-api] [    Test worker] com.zaxxer.hikari.HikariDataSource       : HikariPool-10 - Starting...
2025-12-26T20:01:20.189+02:00  INFO 57603 --- [library-api] [    Test worker] com.zaxxer.hikari.pool.HikariPool        : HikariPool-10 - Added connection conn88: url=jdbc:h2:mem:library user=SA
2025-12-26T20:01:20.189+02:00  INFO 57603 --- [library-api] [    Test worker] com.zaxxer.hikari.HikariDataSource       : HikariPool-10 - Start completed.
2025-12-26T20:01:20.189+02:00  INFO 57603 --- [library-api] [    Test worker] o.s.b.a.h2.H2ConsoleAutoConfiguration    : H2 console available at '/h2-console'. Database available at 'jdbc:h2:mem:library'
2025-12-26T20:01:20.202+02:00  INFO 57603 --- [library-api] [    Test worker] p6spy                                    : #1766772080202 | took 0ms | statement | connection 160| url jdbc:h2:mem:library
CREATE TABLE IF NOT EXISTS members ( id VARCHAR(255) PRIMARY KEY, name VARCHAR(255) NOT NULL )
CREATE TABLE IF NOT EXISTS members ( id VARCHAR(255) PRIMARY KEY, name VARCHAR(255) NOT NULL );
2025-12-26T20:01:20.202+02:00  INFO 57603 --- [library-api] [    Test worker] p6spy                                    : #1766772080202 | took 0ms | statement | connection 160| url jdbc:h2:mem:library
CREATE TABLE IF NOT EXISTS books ( id VARCHAR(255) PRIMARY KEY, title VARCHAR(255) NOT NULL, loaned_to VARCHAR(255), due_date DATE )
CREATE TABLE IF NOT EXISTS books ( id VARCHAR(255) PRIMARY KEY, title VARCHAR(255) NOT NULL, loaned_to VARCHAR(255), due_date DATE );
2025-12-26T20:01:20.202+02:00  INFO 57603 --- [library-api] [    Test worker] p6spy                                    : #1766772080202 | took 0ms | statement | connection 160| url jdbc:h2:mem:library
CREATE TABLE IF NOT EXISTS book_reservations ( book_id VARCHAR(255) NOT NULL, position INTEGER NOT NULL, member_id VARCHAR(255), CONSTRAINT fk_book_reservation_book FOREIGN KEY (book_id) REFERENCES books (id) )
CREATE TABLE IF NOT EXISTS book_reservations ( book_id VARCHAR(255) NOT NULL, position INTEGER NOT NULL, member_id VARCHAR(255), CONSTRAINT fk_book_reservation_book FOREIGN KEY (book_id) REFERENCES books (id) );
2025-12-26T20:01:20.210+02:00  INFO 57603 --- [library-api] [    Test worker] o.hibernate.jpa.internal.util.LogHelper  : HHH000204: Processing PersistenceUnitInfo [name: default]
2025-12-26T20:01:20.212+02:00  INFO 57603 --- [library-api] [    Test worker] o.h.c.internal.RegionFactoryInitiator    : HHH000026: Second-level cache disabled
2025-12-26T20:01:20.217+02:00  INFO 57603 --- [library-api] [    Test worker] o.s.o.j.p.SpringPersistenceUnitInfo      : No LoadTimeWeaver setup: ignoring JPA class transformer
2025-12-26T20:01:20.254+02:00  INFO 57603 --- [library-api] [    Test worker] o.h.e.t.j.p.i.JtaPlatformInitiator       : HHH000489: No JTA platform available (set 'hibernate.transaction.jta.platform' to enable JTA platform integration)
2025-12-26T20:01:20.255+02:00  INFO 57603 --- [library-api] [    Test worker] p6spy                                    : #1766772080255 | took 0ms | statement | connection 162| url jdbc:h2:mem:library
select * from INFORMATION_SCHEMA.SEQUENCES
select * from INFORMATION_SCHEMA.SEQUENCES;
2025-12-26T20:01:20.256+02:00  INFO 57603 --- [library-api] [    Test worker] p6spy                                    : #1766772080256 | took 0ms | statement | connection 162| url jdbc:h2:mem:library
select * from "LIBRARY"."PUBLIC"."BOOKS" where 1=0
select * from "LIBRARY"."PUBLIC"."BOOKS" where 1=0;
2025-12-26T20:01:20.256+02:00  INFO 57603 --- [library-api] [    Test worker] j.LocalContainerEntityManagerFactoryBean : Initialized JPA EntityManagerFactory for persistence unit 'default'
2025-12-26T20:01:20.408+02:00  INFO 57603 --- [library-api] [    Test worker] o.s.b.w.embedded.tomcat.TomcatWebServer  : Tomcat started on port 35721 (http) with context path '/'
2025-12-26T20:01:20.410+02:00  INFO 57603 --- [library-api] [    Test worker] c.nortal.library.api.ApiIntegrationTest  : Started ApiIntegrationTest in 0.432 seconds (process running for 13.624)
2025-12-26T20:01:20.412+02:00  INFO 57603 --- [library-api] [    Test worker] p6spy                                    : #1766772080412 | took 0ms | statement | connection 163| url jdbc:h2:mem:library
select m1_0.id,m1_0.name from members m1_0 where m1_0.id=?
select m1_0.id,m1_0.name from members m1_0 where m1_0.id='m1';
2025-12-26T20:01:20.413+02:00  INFO 57603 --- [library-api] [    Test worker] p6spy                                    : #1766772080413 | took 0ms | commit | connection 163| url jdbc:h2:mem:library

;
2025-12-26T20:01:20.415+02:00  INFO 57603 --- [library-api] [    Test worker] p6spy                                    : #1766772080415 | took 0ms | statement | connection 164| url jdbc:h2:mem:library
select m1_0.id,m1_0.name from members m1_0 where m1_0.id=?
select m1_0.id,m1_0.name from members m1_0 where m1_0.id='m2';
2025-12-26T20:01:20.415+02:00  INFO 57603 --- [library-api] [    Test worker] p6spy                                    : #1766772080415 | took 0ms | commit | connection 164| url jdbc:h2:mem:library

;
2025-12-26T20:01:20.416+02:00  INFO 57603 --- [library-api] [    Test worker] p6spy                                    : #1766772080416 | took 0ms | statement | connection 165| url jdbc:h2:mem:library
select m1_0.id,m1_0.name from members m1_0 where m1_0.id=?
select m1_0.id,m1_0.name from members m1_0 where m1_0.id='m3';
2025-12-26T20:01:20.416+02:00  INFO 57603 --- [library-api] [    Test worker] p6spy                                    : #1766772080416 | took 0ms | commit | connection 165| url jdbc:h2:mem:library

;
2025-12-26T20:01:20.417+02:00  INFO 57603 --- [library-api] [    Test worker] p6spy                                    : #1766772080417 | took 0ms | statement | connection 166| url jdbc:h2:mem:library
select m1_0.id,m1_0.name from members m1_0 where m1_0.id=?
select m1_0.id,m1_0.name from members m1_0 where m1_0.id='m4';
2025-12-26T20:01:20.417+02:00  INFO 57603 --- [library-api] [    Test worker] p6spy                                    : #1766772080417 | took 0ms | commit | connection 166| url jdbc:h2:mem:library

;
2025-12-26T20:01:20.418+02:00  INFO 57603 --- [library-api] [    Test worker] p6spy                                    : #1766772080418 | took 0ms | statement | connection 167| url jdbc:h2:mem:library
select b1_0.id,b1_0.due_date,b1_0.loaned_to,b1_0.title from books b1_0 where b1_0.id=?
select b1_0.id,b1_0.due_date,b1_0.loaned_to,b1_0.title from books b1_0 where b1_0.id='b1';
2025-12-26T20:01:20.419+02:00  INFO 57603 --- [library-api] [    Test worker] p6spy                                    : #1766772080419 | took 0ms | statement | connection 167| url jdbc:h2:mem:library
select rq1_0.book_id,rq1_0.position,rq1_0.member_id from book_reservations rq1_0 where rq1_0.book_id=?
select rq1_0.book_id,rq1_0.position,rq1_0.member_id from book_reservations rq1_0 where rq1_0.book_id='b1';
2025-12-26T20:01:20.419+02:00  INFO 57603 --- [library-api] [    Test worker] p6spy                                    : #1766772080419 | took 0ms | commit | connection 167| url jdbc:h2:mem:library

;
2025-12-26T20:01:20.420+02:00  INFO 57603 --- [library-api] [    Test worker] p6spy                                    : #1766772080420 | took 0ms | statement | connection 168| url jdbc:h2:mem:library
select b1_0.id,b1_0.due_date,b1_0.loaned_to,b1_0.title from books b1_0 where b1_0.id=?
select b1_0.id,b1_0.due_date,b1_0.loaned_to,b1_0.title from books b1_0 where b1_0.id='b2';
2025-12-26T20:01:20.421+02:00  INFO 57603 --- [library-api] [    Test worker] p6spy                                    : #1766772080421 | took 0ms | statement | connection 168| url jdbc:h2:mem:library
select rq1_0.book_id,rq1_0.position,rq1_0.member_id from book_reservations rq1_0 where rq1_0.book_id=?
select rq1_0.book_id,rq1_0.position,rq1_0.member_id from book_reservations rq1_0 where rq1_0.book_id='b2';
2025-12-26T20:01:20.421+02:00  INFO 57603 --- [library-api] [    Test worker] p6spy                                    : #1766772080421 | took 0ms | commit | connection 168| url jdbc:h2:mem:library

;
2025-12-26T20:01:20.422+02:00  INFO 57603 --- [library-api] [    Test worker] p6spy                                    : #1766772080422 | took 0ms | statement | connection 169| url jdbc:h2:mem:library
select b1_0.id,b1_0.due_date,b1_0.loaned_to,b1_0.title from books b1_0 where b1_0.id=?
select b1_0.id,b1_0.due_date,b1_0.loaned_to,b1_0.title from books b1_0 where b1_0.id='b3';
2025-12-26T20:01:20.422+02:00  INFO 57603 --- [library-api] [    Test worker] p6spy                                    : #1766772080422 | took 0ms | statement | connection 169| url jdbc:h2:mem:library
select rq1_0.book_id,rq1_0.position,rq1_0.member_id from book_reservations rq1_0 where rq1_0.book_id=?
select rq1_0.book_id,rq1_0.position,rq1_0.member_id from book_reservations rq1_0 where rq1_0.book_id='b3';
2025-12-26T20:01:20.422+02:00  INFO 57603 --- [library-api] [    Test worker] p6spy                                    : #1766772080422 | took 0ms | commit | connection 169| url jdbc:h2:mem:library

;
2025-12-26T20:01:20.423+02:00  INFO 57603 --- [library-api] [    Test worker] p6spy                                    : #1766772080423 | took 0ms | statement | connection 170| url jdbc:h2:mem:library
select b1_0.id,b1_0.due_date,b1_0.loaned_to,b1_0.title from books b1_0 where b1_0.id=?
select b1_0.id,b1_0.due_date,b1_0.loaned_to,b1_0.title from books b1_0 where b1_0.id='b4';
2025-12-26T20:01:20.423+02:00  INFO 57603 --- [library-api] [    Test worker] p6spy                                    : #1766772080423 | took 0ms | statement | connection 170| url jdbc:h2:mem:library
select rq1_0.book_id,rq1_0.position,rq1_0.member_id from book_reservations rq1_0 where rq1_0.book_id=?
select rq1_0.book_id,rq1_0.position,rq1_0.member_id from book_reservations rq1_0 where rq1_0.book_id='b4';
2025-12-26T20:01:20.423+02:00  INFO 57603 --- [library-api] [    Test worker] p6spy                                    : #1766772080423 | took 0ms | commit | connection 170| url jdbc:h2:mem:library

;
2025-12-26T20:01:20.424+02:00  INFO 57603 --- [library-api] [    Test worker] p6spy                                    : #1766772080424 | took 0ms | statement | connection 171| url jdbc:h2:mem:library
select b1_0.id,b1_0.due_date,b1_0.loaned_to,b1_0.title from books b1_0 where b1_0.id=?
select b1_0.id,b1_0.due_date,b1_0.loaned_to,b1_0.title from books b1_0 where b1_0.id='b5';
2025-12-26T20:01:20.425+02:00  INFO 57603 --- [library-api] [    Test worker] p6spy                                    : #1766772080425 | took 0ms | statement | connection 171| url jdbc:h2:mem:library
select rq1_0.book_id,rq1_0.position,rq1_0.member_id from book_reservations rq1_0 where rq1_0.book_id=?
select rq1_0.book_id,rq1_0.position,rq1_0.member_id from book_reservations rq1_0 where rq1_0.book_id='b5';
2025-12-26T20:01:20.425+02:00  INFO 57603 --- [library-api] [    Test worker] p6spy                                    : #1766772080425 | took 0ms | commit | connection 171| url jdbc:h2:mem:library

;
2025-12-26T20:01:20.426+02:00  INFO 57603 --- [library-api] [    Test worker] p6spy                                    : #1766772080426 | took 0ms | statement | connection 172| url jdbc:h2:mem:library
select b1_0.id,b1_0.due_date,b1_0.loaned_to,b1_0.title from books b1_0 where b1_0.id=?
select b1_0.id,b1_0.due_date,b1_0.loaned_to,b1_0.title from books b1_0 where b1_0.id='b6';
2025-12-26T20:01:20.427+02:00  INFO 57603 --- [library-api] [    Test worker] p6spy                                    : #1766772080427 | took 0ms | statement | connection 172| url jdbc:h2:mem:library
select rq1_0.book_id,rq1_0.position,rq1_0.member_id from book_reservations rq1_0 where rq1_0.book_id=?
select rq1_0.book_id,rq1_0.position,rq1_0.member_id from book_reservations rq1_0 where rq1_0.book_id='b6';
2025-12-26T20:01:20.428+02:00  INFO 57603 --- [library-api] [    Test worker] p6spy                                    : #1766772080428 | took 0ms | statement | connection 172| url jdbc:h2:mem:library
update books set due_date=?,loaned_to=?,title=? where id=?
update books set due_date=NULL,loaned_to=NULL,title='The Pragmatic Programmer' where id='b6';
2025-12-26T20:01:20.429+02:00  INFO 57603 --- [library-api] [    Test worker] p6spy                                    : #1766772080429 | took 0ms | commit | connection 172| url jdbc:h2:mem:library

;
2025-12-26T20:01:20.436+02:00  INFO 57603 --- [library-api] [-auto-10-exec-1] o.a.c.c.C.[Tomcat].[localhost].[/]       : Initializing Spring DispatcherServlet 'dispatcherServlet'
2025-12-26T20:01:20.436+02:00  INFO 57603 --- [library-api] [-auto-10-exec-1] o.s.web.servlet.DispatcherServlet        : Initializing Servlet 'dispatcherServlet'
2025-12-26T20:01:20.437+02:00  INFO 57603 --- [library-api] [-auto-10-exec-1] o.s.web.servlet.DispatcherServlet        : Completed initialization in 1 ms
2025-12-26T20:01:20.451+02:00  INFO 57603 --- [library-api] [    Test worker] j.LocalContainerEntityManagerFactoryBean : Closing JPA EntityManagerFactory for persistence unit 'default'
2025-12-26T20:01:20.452+02:00  INFO 57603 --- [library-api] [    Test worker] com.zaxxer.hikari.HikariDataSource       : HikariPool-10 - Shutdown initiated...
2025-12-26T20:01:20.479+02:00  INFO 57603 --- [library-api] [    Test worker] com.zaxxer.hikari.HikariDataSource       : HikariPool-10 - Shutdown completed.
]]></system-out>
  <system-err><![CDATA[WARNING: A Java agent has been loaded dynamically (/home/joel/.gradle/caches/modules-2/files-2.1/net.bytebuddy/byte-buddy-agent/1.14.19/154da3a65b4f4a909d3e5bdec55d1b2b4cbb6ce1/byte-buddy-agent-1.14.19.jar)
WARNING: If a serviceability tool is in use, please run with -XX:+EnableDynamicAgentLoading to hide this warning
WARNING: If a serviceability tool is not in use, please run with -Djdk.instrument.traceUsage for more information
WARNING: Dynamic loading of agents will be disallowed by default in a future release
]]></system-err>
</testsuite>
